<?xml version="1.0" encoding="UTF-8"?>
<testsuite xmlns:xsi="http://www.w3.org/2001/XMLSchema-instance" xsi:noNamespaceSchemaLocation="https://maven.apache.org/surefire/maven-surefire-plugin/xsd/surefire-test-report.xsd" name="com.leyou.upload.test.FastDFSTest" time="4.079" tests="2" errors="2" skipped="0" failures="0">
  <properties>
[...]
</properties>
  <testcase name="testUploadAndCreateThumb" classname="com.leyou.upload.test.FastDFSTest" time="0.68">
    <error message="无法获取服务端连接资源：can&apos;t create connection to/192.168.152.128:22122" type="com.github.tobato.fastdfs.exception.FdfsConnectException">com.github.tobato.fastdfs.exception.FdfsConnectException: 无法获取服务端连接资源：can't create connection to/192.168.152.128:22122
	at com.leyou.upload.test.FastDFSTest.testUploadAndCreateThumb(FastDFSTest.java:43)
Caused by: java.net.SocketTimeoutException: connect timed out
	at com.leyou.upload.test.FastDFSTest.testUploadAndCreateThumb(FastDFSTest.java:43)
</error>
    <system-out><![CDATA[23:42:57.111 [main] DEBUG org.springframework.test.context.junit4.SpringJUnit4ClassRunner - SpringJUnit4ClassRunner constructor called with [class com.leyou.upload.test.FastDFSTest]
23:42:57.111 [main] DEBUG org.springframework.test.context.BootstrapUtils - Instantiating CacheAwareContextLoaderDelegate from class [org.springframework.test.context.cache.DefaultCacheAwareContextLoaderDelegate]
23:42:57.128 [main] DEBUG org.springframework.test.context.BootstrapUtils - Instantiating BootstrapContext using constructor [public org.springframework.test.context.support.DefaultBootstrapContext(java.lang.Class,org.springframework.test.context.CacheAwareContextLoaderDelegate)]
23:42:57.132 [main] DEBUG org.springframework.test.context.BootstrapUtils - Instantiating TestContextBootstrapper for test class [com.leyou.upload.test.FastDFSTest] from class [org.springframework.boot.test.context.SpringBootTestContextBootstrapper]
23:42:57.148 [main] INFO org.springframework.boot.test.context.SpringBootTestContextBootstrapper - Neither @ContextConfiguration nor @ContextHierarchy found for test class [com.leyou.upload.test.FastDFSTest], using SpringBootContextLoader
23:42:57.148 [main] DEBUG org.springframework.test.context.support.AbstractContextLoader - Did not detect default resource location for test class [com.leyou.upload.test.FastDFSTest]: class path resource [com/leyou/upload/test/FastDFSTest-context.xml] does not exist
23:42:57.148 [main] DEBUG org.springframework.test.context.support.AbstractContextLoader - Did not detect default resource location for test class [com.leyou.upload.test.FastDFSTest]: class path resource [com/leyou/upload/test/FastDFSTestContext.groovy] does not exist
23:42:57.148 [main] INFO org.springframework.test.context.support.AbstractContextLoader - Could not detect default resource locations for test class [com.leyou.upload.test.FastDFSTest]: no resource found for suffixes {-context.xml, Context.groovy}.
23:42:57.148 [main] INFO org.springframework.test.context.support.AnnotationConfigContextLoaderUtils - Could not detect default configuration classes for test class [com.leyou.upload.test.FastDFSTest]: FastDFSTest does not declare any static, non-private, non-final, nested classes annotated with @Configuration.
23:42:57.180 [main] DEBUG org.springframework.test.context.support.ActiveProfilesUtils - Could not find an 'annotation declaring class' for annotation type [org.springframework.test.context.ActiveProfiles] and class [com.leyou.upload.test.FastDFSTest]
23:42:57.180 [main] DEBUG org.springframework.core.env.StandardEnvironment - Adding PropertySource 'systemProperties' with lowest search precedence
23:42:57.180 [main] DEBUG org.springframework.core.env.StandardEnvironment - Adding PropertySource 'systemEnvironment' with lowest search precedence
23:42:57.180 [main] DEBUG org.springframework.core.env.StandardEnvironment - Initialized StandardEnvironment with PropertySources [MapPropertySource@1368594774 {name='systemProperties', properties={idea.version=2021.1, java.runtime.name=OpenJDK Runtime Environment, sun.boot.library.path=C:\Users\江大侠\.jdks\corretto-1.8.0_282\jre\bin, java.vm.version=25.282-b08, java.vm.vendor=Amazon.com Inc., java.vendor.url=https://aws.amazon.com/corretto/, path.separator=;, java.vm.name=OpenJDK 64-Bit Server VM, file.encoding.pkg=sun.io, user.country=CN, user.script=, sun.java.launcher=SUN_STANDARD, sun.os.patch.level=, java.vm.specification.name=Java Virtual Machine Specification, user.dir=E:\IdeaProjects\code\leyou\leyou-upload, java.runtime.version=1.8.0_282-b08, basedir=E:\IdeaProjects\code\leyou\leyou-upload, java.awt.graphicsenv=sun.awt.Win32GraphicsEnvironment, java.endorsed.dirs=C:\Users\江大侠\.jdks\corretto-1.8.0_282\jre\lib\endorsed, os.arch=amd64, surefire.real.class.path=C:\Users\江大侠\AppData\Local\Temp\surefire1394317809021543824\surefirebooter8624210546124410522.jar, java.io.tmpdir=C:\Users\江大侠\AppData\Local\Temp\, line.separator=
, java.vm.specification.vendor=Oracle Corporation, user.variant=, os.name=Windows 10, sun.jnu.encoding=GBK, java.library.path=C:\Users\江大侠\.jdks\corretto-1.8.0_282\jre\bin;C:\Windows\Sun\Java\bin;C:\Windows\system32;C:\Windows;F:\Devlnstal\VMware\Xshell安装\;F:\Devlnstal\VMware\WMware Workstation\bin\;C:\ProgramData\Oracle\Java\javapath;C:\Windows\system32;C:\Windows;C:\Windows\System32\Wbem;C:\Windows\System32\WindowsPowerShell\v1.0\;C:\Windows\System32\OpenSSH\;C:\Program Files (x86)\NVIDIA Corporation\PhysX\Common;C:\Program Files\NVIDIA Corporation\NVIDIA NvDLISR;"F:\Devlnstal\JDK\bin;F:\Devlnstal\JDK\jre\bin;";F:\Devlnstal\My_maven\apache-maven-3.5.2\bin;F:\Devlnstal\My_mysql\MySQL\mysql-8.0.17-winx64\bin;F:\Devlnstal\nodejs\;F:\Devlnstal\Git\Git\cmd;C:\Users\江大侠\AppData\Local\Microsoft\WindowsApps;;F:\Devlnstal\IntelliJ IDEA 2020.3.2\bin;;C:\Users\江大侠\AppData\Roaming\npm;., surefire.test.class.path=E:\IdeaProjects\code\leyou\leyou-upload\target\test-classes;E:\IdeaProjects\code\leyou\leyou-upload\target\classes;F:\Devlnstal\My_maven\maven_repository\org\springframework\cloud\spring-cloud-starter-netflix-eureka-client\2.0.2.RELEASE\spring-cloud-starter-netflix-eureka-client-2.0.2.RELEASE.jar;F:\Devlnstal\My_maven\maven_repository\org\springframework\cloud\spring-cloud-starter\2.0.2.RELEASE\spring-cloud-starter-2.0.2.RELEASE.jar;F:\Devlnstal\My_maven\maven_repository\org\springframework\cloud\spring-cloud-context\2.0.2.RELEASE\spring-cloud-context-2.0.2.RELEASE.jar;F:\Devlnstal\My_maven\maven_repository\org\springframework\security\spring-security-crypto\5.0.9.RELEASE\spring-security-crypto-5.0.9.RELEASE.jar;F:\Devlnstal\My_maven\maven_repository\org\springframework\cloud\spring-cloud-commons\2.0.2.RELEASE\spring-cloud-commons-2.0.2.RELEASE.jar;F:\Devlnstal\My_maven\maven_repository\org\springframework\security\spring-security-rsa\1.0.7.RELEASE\spring-security-rsa-1.0.7.RELEASE.jar;F:\Devlnstal\My_maven\maven_repository\org\bouncycastle\bcpkix-jdk15on\1.60\bcpkix-jdk15on-1.60.jar;F:\Devlnstal\My_maven\maven_repository\org\bouncycastle\bcprov-jdk15on\1.60\bcprov-jdk15on-1.60.jar;F:\Devlnstal\My_maven\maven_repository\org\springframework\cloud\spring-cloud-netflix-core\2.0.2.RELEASE\spring-cloud-netflix-core-2.0.2.RELEASE.jar;F:\Devlnstal\My_maven\maven_repository\org\springframework\boot\spring-boot-starter-aop\2.0.6.RELEASE\spring-boot-starter-aop-2.0.6.RELEASE.jar;F:\Devlnstal\My_maven\maven_repository\org\aspectj\aspectjweaver\1.8.13\aspectjweaver-1.8.13.jar;F:\Devlnstal\My_maven\maven_repository\org\springframework\cloud\spring-cloud-netflix-eureka-client\2.0.2.RELEASE\spring-cloud-netflix-eureka-client-2.0.2.RELEASE.jar;F:\Devlnstal\My_maven\maven_repository\com\netflix\eureka\eureka-client\1.9.3\eureka-client-1.9.3.jar;F:\Devlnstal\My_maven\maven_repository\org\codehaus\jettison\jettison\1.3.7\jettison-1.3.7.jar;F:\Devlnstal\My_maven\maven_repository\stax\stax-api\1.0.1\stax-api-1.0.1.jar;F:\Devlnstal\My_maven\maven_repository\com\netflix\netflix-commons\netflix-eventbus\0.3.0\netflix-eventbus-0.3.0.jar;F:\Devlnstal\My_maven\maven_repository\com\netflix\netflix-commons\netflix-infix\0.3.0\netflix-infix-0.3.0.jar;F:\Devlnstal\My_maven\maven_repository\commons-jxpath\commons-jxpath\1.3\commons-jxpath-1.3.jar;F:\Devlnstal\My_maven\maven_repository\joda-time\joda-time\2.9.9\joda-time-2.9.9.jar;F:\Devlnstal\My_maven\maven_repository\org\antlr\antlr-runtime\3.4\antlr-runtime-3.4.jar;F:\Devlnstal\My_maven\maven_repository\org\antlr\stringtemplate\3.2.1\stringtemplate-3.2.1.jar;F:\Devlnstal\My_maven\maven_repository\antlr\antlr\2.7.7\antlr-2.7.7.jar;F:\Devlnstal\My_maven\maven_repository\com\google\code\gson\gson\2.8.5\gson-2.8.5.jar;F:\Devlnstal\My_maven\maven_repository\org\apache\commons\commons-math\2.2\commons-math-2.2.jar;F:\Devlnstal\My_maven\maven_repository\com\netflix\archaius\archaius-core\0.7.6\archaius-core-0.7.6.jar;F:\Devlnstal\My_maven\maven_repository\com\google\guava\guava\16.0\guava-16.0.jar;F:\Devlnstal\My_maven\maven_repository\javax\ws\rs\jsr311-api\1.1.1\jsr311-api-1.1.1.jar;F:\Devlnstal\My_maven\maven_repository\com\netflix\servo\servo-core\0.12.21\servo-core-0.12.21.jar;F:\Devlnstal\My_maven\maven_repository\com\sun\jersey\jersey-core\1.19.1\jersey-core-1.19.1.jar;F:\Devlnstal\My_maven\maven_repository\com\sun\jersey\jersey-client\1.19.1\jersey-client-1.19.1.jar;F:\Devlnstal\My_maven\maven_repository\com\sun\jersey\contribs\jersey-apache-client4\1.19.1\jersey-apache-client4-1.19.1.jar;F:\Devlnstal\My_maven\maven_repository\org\apache\httpcomponents\httpclient\4.5.6\httpclient-4.5.6.jar;F:\Devlnstal\My_maven\maven_repository\org\apache\httpcomponents\httpcore\4.4.10\httpcore-4.4.10.jar;F:\Devlnstal\My_maven\maven_repository\commons-codec\commons-codec\1.11\commons-codec-1.11.jar;F:\Devlnstal\My_maven\maven_repository\com\google\inject\guice\4.1.0\guice-4.1.0.jar;F:\Devlnstal\My_maven\maven_repository\javax\inject\javax.inject\1\javax.inject-1.jar;F:\Devlnstal\My_maven\maven_repository\aopalliance\aopalliance\1.0\aopalliance-1.0.jar;F:\Devlnstal\My_maven\maven_repository\com\github\vlsi\compactmap\compactmap\1.2.1\compactmap-1.2.1.jar;F:\Devlnstal\My_maven\maven_repository\com\github\andrewoma\dexx\dexx-collections\0.2\dexx-collections-0.2.jar;F:\Devlnstal\My_maven\maven_repository\com\fasterxml\jackson\core\jackson-annotations\2.9.0\jackson-annotations-2.9.0.jar;F:\Devlnstal\My_maven\maven_repository\com\fasterxml\jackson\core\jackson-core\2.9.7\jackson-core-2.9.7.jar;F:\Devlnstal\My_maven\maven_repository\com\fasterxml\jackson\core\jackson-databind\2.9.7\jackson-databind-2.9.7.jar;F:\Devlnstal\My_maven\maven_repository\com\netflix\eureka\eureka-core\1.9.3\eureka-core-1.9.3.jar;F:\Devlnstal\My_maven\maven_repository\org\codehaus\woodstox\woodstox-core-asl\4.4.1\woodstox-core-asl-4.4.1.jar;F:\Devlnstal\My_maven\maven_repository\javax\xml\stream\stax-api\1.0-2\stax-api-1.0-2.jar;F:\Devlnstal\My_maven\maven_repository\org\codehaus\woodstox\stax2-api\3.1.4\stax2-api-3.1.4.jar;F:\Devlnstal\My_maven\maven_repository\org\springframework\cloud\spring-cloud-starter-netflix-archaius\2.0.2.RELEASE\spring-cloud-starter-netflix-archaius-2.0.2.RELEASE.jar;F:\Devlnstal\My_maven\maven_repository\org\springframework\cloud\spring-cloud-netflix-ribbon\2.0.2.RELEASE\spring-cloud-netflix-ribbon-2.0.2.RELEASE.jar;F:\Devlnstal\My_maven\maven_repository\org\springframework\cloud\spring-cloud-netflix-archaius\2.0.2.RELEASE\spring-cloud-netflix-archaius-2.0.2.RELEASE.jar;F:\Devlnstal\My_maven\maven_repository\commons-configuration\commons-configuration\1.8\commons-configuration-1.8.jar;F:\Devlnstal\My_maven\maven_repository\commons-lang\commons-lang\2.6\commons-lang-2.6.jar;F:\Devlnstal\My_maven\maven_repository\org\springframework\cloud\spring-cloud-starter-netflix-ribbon\2.0.2.RELEASE\spring-cloud-starter-netflix-ribbon-2.0.2.RELEASE.jar;F:\Devlnstal\My_maven\maven_repository\com\netflix\ribbon\ribbon\2.2.5\ribbon-2.2.5.jar;F:\Devlnstal\My_maven\maven_repository\com\netflix\ribbon\ribbon-transport\2.2.5\ribbon-transport-2.2.5.jar;F:\Devlnstal\My_maven\maven_repository\io\reactivex\rxnetty-contexts\0.4.9\rxnetty-contexts-0.4.9.jar;F:\Devlnstal\My_maven\maven_repository\io\reactivex\rxnetty-servo\0.4.9\rxnetty-servo-0.4.9.jar;F:\Devlnstal\My_maven\maven_repository\com\netflix\hystrix\hystrix-core\1.5.12\hystrix-core-1.5.12.jar;F:\Devlnstal\My_maven\maven_repository\org\hdrhistogram\HdrHistogram\2.1.9\HdrHistogram-2.1.9.jar;F:\Devlnstal\My_maven\maven_repository\io\reactivex\rxnetty\0.4.9\rxnetty-0.4.9.jar;F:\Devlnstal\My_maven\maven_repository\com\netflix\ribbon\ribbon-core\2.2.5\ribbon-core-2.2.5.jar;F:\Devlnstal\My_maven\maven_repository\com\netflix\ribbon\ribbon-httpclient\2.2.5\ribbon-httpclient-2.2.5.jar;F:\Devlnstal\My_maven\maven_repository\com\netflix\netflix-commons\netflix-commons-util\0.3.0\netflix-commons-util-0.3.0.jar;F:\Devlnstal\My_maven\maven_repository\com\netflix\ribbon\ribbon-loadbalancer\2.2.5\ribbon-loadbalancer-2.2.5.jar;F:\Devlnstal\My_maven\maven_repository\com\netflix\netflix-commons\netflix-statistics\0.1.1\netflix-statistics-0.1.1.jar;F:\Devlnstal\My_maven\maven_repository\io\reactivex\rxjava\1.3.8\rxjava-1.3.8.jar;F:\Devlnstal\My_maven\maven_repository\com\netflix\ribbon\ribbon-eureka\2.2.5\ribbon-eureka-2.2.5.jar;F:\Devlnstal\My_maven\maven_repository\com\thoughtworks\xstream\xstream\1.4.10\xstream-1.4.10.jar;F:\Devlnstal\My_maven\maven_repository\xmlpull\xmlpull\1.1.3.1\xmlpull-1.1.3.1.jar;F:\Devlnstal\My_maven\maven_repository\xpp3\xpp3_min\1.1.4c\xpp3_min-1.1.4c.jar;F:\Devlnstal\My_maven\maven_repository\org\springframework\boot\spring-boot-starter-web\2.0.6.RELEASE\spring-boot-starter-web-2.0.6.RELEASE.jar;F:\Devlnstal\My_maven\maven_repository\org\springframework\boot\spring-boot-starter\2.0.6.RELEASE\spring-boot-starter-2.0.6.RELEASE.jar;F:\Devlnstal\My_maven\maven_repository\org\springframework\boot\spring-boot\2.0.6.RELEASE\spring-boot-2.0.6.RELEASE.jar;F:\Devlnstal\My_maven\maven_repository\org\springframework\boot\spring-boot-starter-logging\2.0.6.RELEASE\spring-boot-starter-logging-2.0.6.RELEASE.jar;F:\Devlnstal\My_maven\maven_repository\org\apache\logging\log4j\log4j-to-slf4j\2.10.0\log4j-to-slf4j-2.10.0.jar;F:\Devlnstal\My_maven\maven_repository\org\apache\logging\log4j\log4j-api\2.10.0\log4j-api-2.10.0.jar;F:\Devlnstal\My_maven\maven_repository\org\slf4j\jul-to-slf4j\1.7.25\jul-to-slf4j-1.7.25.jar;F:\Devlnstal\My_maven\maven_repository\javax\annotation\javax.annotation-api\1.3.2\javax.annotation-api-1.3.2.jar;F:\Devlnstal\My_maven\maven_repository\org\yaml\snakeyaml\1.19\snakeyaml-1.19.jar;F:\Devlnstal\My_maven\maven_repository\org\springframework\boot\spring-boot-starter-json\2.0.6.RELEASE\spring-boot-starter-json-2.0.6.RELEASE.jar;F:\Devlnstal\My_maven\maven_repository\com\fasterxml\jackson\datatype\jackson-datatype-jdk8\2.9.7\jackson-datatype-jdk8-2.9.7.jar;F:\Devlnstal\My_maven\maven_repository\com\fasterxml\jackson\datatype\jackson-datatype-jsr310\2.9.7\jackson-datatype-jsr310-2.9.7.jar;F:\Devlnstal\My_maven\maven_repository\com\fasterxml\jackson\module\jackson-module-parameter-names\2.9.7\jackson-module-parameter-names-2.9.7.jar;F:\Devlnstal\My_maven\maven_repository\org\springframework\boot\spring-boot-starter-tomcat\2.0.6.RELEASE\spring-boot-starter-tomcat-2.0.6.RELEASE.jar;F:\Devlnstal\My_maven\maven_repository\org\apache\tomcat\embed\tomcat-embed-core\8.5.34\tomcat-embed-core-8.5.34.jar;F:\Devlnstal\My_maven\maven_repository\org\apache\tomcat\embed\tomcat-embed-el\8.5.34\tomcat-embed-el-8.5.34.jar;F:\Devlnstal\My_maven\maven_repository\org\apache\tomcat\embed\tomcat-embed-websocket\8.5.34\tomcat-embed-websocket-8.5.34.jar;F:\Devlnstal\My_maven\maven_repository\org\hibernate\validator\hibernate-validator\6.0.13.Final\hibernate-validator-6.0.13.Final.jar;F:\Devlnstal\My_maven\maven_repository\javax\validation\validation-api\2.0.1.Final\validation-api-2.0.1.Final.jar;F:\Devlnstal\My_maven\maven_repository\org\jboss\logging\jboss-logging\3.3.2.Final\jboss-logging-3.3.2.Final.jar;F:\Devlnstal\My_maven\maven_repository\com\fasterxml\classmate\1.3.4\classmate-1.3.4.jar;F:\Devlnstal\My_maven\maven_repository\org\springframework\spring-web\5.0.10.RELEASE\spring-web-5.0.10.RELEASE.jar;F:\Devlnstal\My_maven\maven_repository\org\springframework\spring-beans\5.0.10.RELEASE\spring-beans-5.0.10.RELEASE.jar;F:\Devlnstal\My_maven\maven_repository\org\springframework\spring-webmvc\5.0.10.RELEASE\spring-webmvc-5.0.10.RELEASE.jar;F:\Devlnstal\My_maven\maven_repository\org\springframework\spring-aop\5.0.10.RELEASE\spring-aop-5.0.10.RELEASE.jar;F:\Devlnstal\My_maven\maven_repository\org\springframework\spring-expression\5.0.10.RELEASE\spring-expression-5.0.10.RELEASE.jar;F:\Devlnstal\My_maven\maven_repository\org\springframework\boot\spring-boot-starter-test\2.0.6.RELEASE\spring-boot-starter-test-2.0.6.RELEASE.jar;F:\Devlnstal\My_maven\maven_repository\org\springframework\boot\spring-boot-test\2.0.6.RELEASE\spring-boot-test-2.0.6.RELEASE.jar;F:\Devlnstal\My_maven\maven_repository\org\springframework\boot\spring-boot-test-autoconfigure\2.0.6.RELEASE\spring-boot-test-autoconfigure-2.0.6.RELEASE.jar;F:\Devlnstal\My_maven\maven_repository\com\jayway\jsonpath\json-path\2.4.0\json-path-2.4.0.jar;F:\Devlnstal\My_maven\maven_repository\net\minidev\json-smart\2.3\json-smart-2.3.jar;F:\Devlnstal\My_maven\maven_repository\net\minidev\accessors-smart\1.2\accessors-smart-1.2.jar;F:\Devlnstal\My_maven\maven_repository\org\ow2\asm\asm\5.0.4\asm-5.0.4.jar;F:\Devlnstal\My_maven\maven_repository\junit\junit\4.12\junit-4.12.jar;F:\Devlnstal\My_maven\maven_repository\org\assertj\assertj-core\3.9.1\assertj-core-3.9.1.jar;F:\Devlnstal\My_maven\maven_repository\org\mockito\mockito-core\2.15.0\mockito-core-2.15.0.jar;F:\Devlnstal\My_maven\maven_repository\net\bytebuddy\byte-buddy\1.7.11\byte-buddy-1.7.11.jar;F:\Devlnstal\My_maven\maven_repository\net\bytebuddy\byte-buddy-agent\1.7.11\byte-buddy-agent-1.7.11.jar;F:\Devlnstal\My_maven\maven_repository\org\objenesis\objenesis\2.6\objenesis-2.6.jar;F:\Devlnstal\My_maven\maven_repository\org\hamcrest\hamcrest-core\1.3\hamcrest-core-1.3.jar;F:\Devlnstal\My_maven\maven_repository\org\hamcrest\hamcrest-library\1.3\hamcrest-library-1.3.jar;F:\Devlnstal\My_maven\maven_repository\org\skyscreamer\jsonassert\1.5.0\jsonassert-1.5.0.jar;F:\Devlnstal\My_maven\maven_repository\com\vaadin\external\google\android-json\0.0.20131108.vaadin1\android-json-0.0.20131108.vaadin1.jar;F:\Devlnstal\My_maven\maven_repository\org\springframework\spring-core\5.0.10.RELEASE\spring-core-5.0.10.RELEASE.jar;F:\Devlnstal\My_maven\maven_repository\org\springframework\spring-jcl\5.0.10.RELEASE\spring-jcl-5.0.10.RELEASE.jar;F:\Devlnstal\My_maven\maven_repository\org\springframework\spring-test\5.0.10.RELEASE\spring-test-5.0.10.RELEASE.jar;F:\Devlnstal\My_maven\maven_repository\org\xmlunit\xmlunit-core\2.5.1\xmlunit-core-2.5.1.jar;F:\Devlnstal\My_maven\maven_repository\com\github\tobato\fastdfs-client\1.26.1-RELEASE\fastdfs-client-1.26.1-RELEASE.jar;F:\Devlnstal\My_maven\maven_repository\org\slf4j\slf4j-api\1.7.25\slf4j-api-1.7.25.jar;F:\Devlnstal\My_maven\maven_repository\org\slf4j\jcl-over-slf4j\1.7.25\jcl-over-slf4j-1.7.25.jar;F:\Devlnstal\My_maven\maven_repository\ch\qos\logback\logback-classic\1.2.3\logback-classic-1.2.3.jar;F:\Devlnstal\My_maven\maven_repository\ch\qos\logback\logback-core\1.2.3\logback-core-1.2.3.jar;F:\Devlnstal\My_maven\maven_repository\org\apache\commons\commons-lang3\3.7\commons-lang3-3.7.jar;F:\Devlnstal\My_maven\maven_repository\commons-beanutils\commons-beanutils\1.9.1\commons-beanutils-1.9.1.jar;F:\Devlnstal\My_maven\maven_repository\commons-collections\commons-collections\3.2.1\commons-collections-3.2.1.jar;F:\Devlnstal\My_maven\maven_repository\commons-io\commons-io\2.4\commons-io-2.4.jar;F:\Devlnstal\My_maven\maven_repository\org\apache\commons\commons-pool2\2.5.0\commons-pool2-2.5.0.jar;F:\Devlnstal\My_maven\maven_repository\org\springframework\boot\spring-boot-autoconfigure\2.0.6.RELEASE\spring-boot-autoconfigure-2.0.6.RELEASE.jar;F:\Devlnstal\My_maven\maven_repository\org\mockito\mockito-all\1.9.5\mockito-all-1.9.5.jar;F:\Devlnstal\My_maven\maven_repository\org\springframework\spring-context\5.0.10.RELEASE\spring-context-5.0.10.RELEASE.jar;F:\Devlnstal\My_maven\maven_repository\net\coobird\thumbnailator\0.4.8\thumbnailator-0.4.8.jar;, java.specification.name=Java Platform API Specification, java.class.version=52.0, sun.management.compiler=HotSpot 64-Bit Tiered Compilers, maven.repo.local=F:\Devlnstal\My_maven\maven_repository, os.version=10.0, user.home=C:\Users\江大侠, user.timezone=Asia/Shanghai, java.awt.printerjob=sun.awt.windows.WPrinterJob, file.encoding=GBK, java.specification.version=1.8, java.class.path=E:\IdeaProjects\code\leyou\leyou-upload\target\test-classes;E:\IdeaProjects\code\leyou\leyou-upload\target\classes;F:\Devlnstal\My_maven\maven_repository\org\springframework\cloud\spring-cloud-starter-netflix-eureka-client\2.0.2.RELEASE\spring-cloud-starter-netflix-eureka-client-2.0.2.RELEASE.jar;F:\Devlnstal\My_maven\maven_repository\org\springframework\cloud\spring-cloud-starter\2.0.2.RELEASE\spring-cloud-starter-2.0.2.RELEASE.jar;F:\Devlnstal\My_maven\maven_repository\org\springframework\cloud\spring-cloud-context\2.0.2.RELEASE\spring-cloud-context-2.0.2.RELEASE.jar;F:\Devlnstal\My_maven\maven_repository\org\springframework\security\spring-security-crypto\5.0.9.RELEASE\spring-security-crypto-5.0.9.RELEASE.jar;F:\Devlnstal\My_maven\maven_repository\org\springframework\cloud\spring-cloud-commons\2.0.2.RELEASE\spring-cloud-commons-2.0.2.RELEASE.jar;F:\Devlnstal\My_maven\maven_repository\org\springframework\security\spring-security-rsa\1.0.7.RELEASE\spring-security-rsa-1.0.7.RELEASE.jar;F:\Devlnstal\My_maven\maven_repository\org\bouncycastle\bcpkix-jdk15on\1.60\bcpkix-jdk15on-1.60.jar;F:\Devlnstal\My_maven\maven_repository\org\bouncycastle\bcprov-jdk15on\1.60\bcprov-jdk15on-1.60.jar;F:\Devlnstal\My_maven\maven_repository\org\springframework\cloud\spring-cloud-netflix-core\2.0.2.RELEASE\spring-cloud-netflix-core-2.0.2.RELEASE.jar;F:\Devlnstal\My_maven\maven_repository\org\springframework\boot\spring-boot-starter-aop\2.0.6.RELEASE\spring-boot-starter-aop-2.0.6.RELEASE.jar;F:\Devlnstal\My_maven\maven_repository\org\aspectj\aspectjweaver\1.8.13\aspectjweaver-1.8.13.jar;F:\Devlnstal\My_maven\maven_repository\org\springframework\cloud\spring-cloud-netflix-eureka-client\2.0.2.RELEASE\spring-cloud-netflix-eureka-client-2.0.2.RELEASE.jar;F:\Devlnstal\My_maven\maven_repository\com\netflix\eureka\eureka-client\1.9.3\eureka-client-1.9.3.jar;F:\Devlnstal\My_maven\maven_repository\org\codehaus\jettison\jettison\1.3.7\jettison-1.3.7.jar;F:\Devlnstal\My_maven\maven_repository\stax\stax-api\1.0.1\stax-api-1.0.1.jar;F:\Devlnstal\My_maven\maven_repository\com\netflix\netflix-commons\netflix-eventbus\0.3.0\netflix-eventbus-0.3.0.jar;F:\Devlnstal\My_maven\maven_repository\com\netflix\netflix-commons\netflix-infix\0.3.0\netflix-infix-0.3.0.jar;F:\Devlnstal\My_maven\maven_repository\commons-jxpath\commons-jxpath\1.3\commons-jxpath-1.3.jar;F:\Devlnstal\My_maven\maven_repository\joda-time\joda-time\2.9.9\joda-time-2.9.9.jar;F:\Devlnstal\My_maven\maven_repository\org\antlr\antlr-runtime\3.4\antlr-runtime-3.4.jar;F:\Devlnstal\My_maven\maven_repository\org\antlr\stringtemplate\3.2.1\stringtemplate-3.2.1.jar;F:\Devlnstal\My_maven\maven_repository\antlr\antlr\2.7.7\antlr-2.7.7.jar;F:\Devlnstal\My_maven\maven_repository\com\google\code\gson\gson\2.8.5\gson-2.8.5.jar;F:\Devlnstal\My_maven\maven_repository\org\apache\commons\commons-math\2.2\commons-math-2.2.jar;F:\Devlnstal\My_maven\maven_repository\com\netflix\archaius\archaius-core\0.7.6\archaius-core-0.7.6.jar;F:\Devlnstal\My_maven\maven_repository\com\google\guava\guava\16.0\guava-16.0.jar;F:\Devlnstal\My_maven\maven_repository\javax\ws\rs\jsr311-api\1.1.1\jsr311-api-1.1.1.jar;F:\Devlnstal\My_maven\maven_repository\com\netflix\servo\servo-core\0.12.21\servo-core-0.12.21.jar;F:\Devlnstal\My_maven\maven_repository\com\sun\jersey\jersey-core\1.19.1\jersey-core-1.19.1.jar;F:\Devlnstal\My_maven\maven_repository\com\sun\jersey\jersey-client\1.19.1\jersey-client-1.19.1.jar;F:\Devlnstal\My_maven\maven_repository\com\sun\jersey\contribs\jersey-apache-client4\1.19.1\jersey-apache-client4-1.19.1.jar;F:\Devlnstal\My_maven\maven_repository\org\apache\httpcomponents\httpclient\4.5.6\httpclient-4.5.6.jar;F:\Devlnstal\My_maven\maven_repository\org\apache\httpcomponents\httpcore\4.4.10\httpcore-4.4.10.jar;F:\Devlnstal\My_maven\maven_repository\commons-codec\commons-codec\1.11\commons-codec-1.11.jar;F:\Devlnstal\My_maven\maven_repository\com\google\inject\guice\4.1.0\guice-4.1.0.jar;F:\Devlnstal\My_maven\maven_repository\javax\inject\javax.inject\1\javax.inject-1.jar;F:\Devlnstal\My_maven\maven_repository\aopalliance\aopalliance\1.0\aopalliance-1.0.jar;F:\Devlnstal\My_maven\maven_repository\com\github\vlsi\compactmap\compactmap\1.2.1\compactmap-1.2.1.jar;F:\Devlnstal\My_maven\maven_repository\com\github\andrewoma\dexx\dexx-collections\0.2\dexx-collections-0.2.jar;F:\Devlnstal\My_maven\maven_repository\com\fasterxml\jackson\core\jackson-annotations\2.9.0\jackson-annotations-2.9.0.jar;F:\Devlnstal\My_maven\maven_repository\com\fasterxml\jackson\core\jackson-core\2.9.7\jackson-core-2.9.7.jar;F:\Devlnstal\My_maven\maven_repository\com\fasterxml\jackson\core\jackson-databind\2.9.7\jackson-databind-2.9.7.jar;F:\Devlnstal\My_maven\maven_repository\com\netflix\eureka\eureka-core\1.9.3\eureka-core-1.9.3.jar;F:\Devlnstal\My_maven\maven_repository\org\codehaus\woodstox\woodstox-core-asl\4.4.1\woodstox-core-asl-4.4.1.jar;F:\Devlnstal\My_maven\maven_repository\javax\xml\stream\stax-api\1.0-2\stax-api-1.0-2.jar;F:\Devlnstal\My_maven\maven_repository\org\codehaus\woodstox\stax2-api\3.1.4\stax2-api-3.1.4.jar;F:\Devlnstal\My_maven\maven_repository\org\springframework\cloud\spring-cloud-starter-netflix-archaius\2.0.2.RELEASE\spring-cloud-starter-netflix-archaius-2.0.2.RELEASE.jar;F:\Devlnstal\My_maven\maven_repository\org\springframework\cloud\spring-cloud-netflix-ribbon\2.0.2.RELEASE\spring-cloud-netflix-ribbon-2.0.2.RELEASE.jar;F:\Devlnstal\My_maven\maven_repository\org\springframework\cloud\spring-cloud-netflix-archaius\2.0.2.RELEASE\spring-cloud-netflix-archaius-2.0.2.RELEASE.jar;F:\Devlnstal\My_maven\maven_repository\commons-configuration\commons-configuration\1.8\commons-configuration-1.8.jar;F:\Devlnstal\My_maven\maven_repository\commons-lang\commons-lang\2.6\commons-lang-2.6.jar;F:\Devlnstal\My_maven\maven_repository\org\springframework\cloud\spring-cloud-starter-netflix-ribbon\2.0.2.RELEASE\spring-cloud-starter-netflix-ribbon-2.0.2.RELEASE.jar;F:\Devlnstal\My_maven\maven_repository\com\netflix\ribbon\ribbon\2.2.5\ribbon-2.2.5.jar;F:\Devlnstal\My_maven\maven_repository\com\netflix\ribbon\ribbon-transport\2.2.5\ribbon-transport-2.2.5.jar;F:\Devlnstal\My_maven\maven_repository\io\reactivex\rxnetty-contexts\0.4.9\rxnetty-contexts-0.4.9.jar;F:\Devlnstal\My_maven\maven_repository\io\reactivex\rxnetty-servo\0.4.9\rxnetty-servo-0.4.9.jar;F:\Devlnstal\My_maven\maven_repository\com\netflix\hystrix\hystrix-core\1.5.12\hystrix-core-1.5.12.jar;F:\Devlnstal\My_maven\maven_repository\org\hdrhistogram\HdrHistogram\2.1.9\HdrHistogram-2.1.9.jar;F:\Devlnstal\My_maven\maven_repository\io\reactivex\rxnetty\0.4.9\rxnetty-0.4.9.jar;F:\Devlnstal\My_maven\maven_repository\com\netflix\ribbon\ribbon-core\2.2.5\ribbon-core-2.2.5.jar;F:\Devlnstal\My_maven\maven_repository\com\netflix\ribbon\ribbon-httpclient\2.2.5\ribbon-httpclient-2.2.5.jar;F:\Devlnstal\My_maven\maven_repository\com\netflix\netflix-commons\netflix-commons-util\0.3.0\netflix-commons-util-0.3.0.jar;F:\Devlnstal\My_maven\maven_repository\com\netflix\ribbon\ribbon-loadbalancer\2.2.5\ribbon-loadbalancer-2.2.5.jar;F:\Devlnstal\My_maven\maven_repository\com\netflix\netflix-commons\netflix-statistics\0.1.1\netflix-statistics-0.1.1.jar;F:\Devlnstal\My_maven\maven_repository\io\reactivex\rxjava\1.3.8\rxjava-1.3.8.jar;F:\Devlnstal\My_maven\maven_repository\com\netflix\ribbon\ribbon-eureka\2.2.5\ribbon-eureka-2.2.5.jar;F:\Devlnstal\My_maven\maven_repository\com\thoughtworks\xstream\xstream\1.4.10\xstream-1.4.10.jar;F:\Devlnstal\My_maven\maven_repository\xmlpull\xmlpull\1.1.3.1\xmlpull-1.1.3.1.jar;F:\Devlnstal\My_maven\maven_repository\xpp3\xpp3_min\1.1.4c\xpp3_min-1.1.4c.jar;F:\Devlnstal\My_maven\maven_repository\org\springframework\boot\spring-boot-starter-web\2.0.6.RELEASE\spring-boot-starter-web-2.0.6.RELEASE.jar;F:\Devlnstal\My_maven\maven_repository\org\springframework\boot\spring-boot-starter\2.0.6.RELEASE\spring-boot-starter-2.0.6.RELEASE.jar;F:\Devlnstal\My_maven\maven_repository\org\springframework\boot\spring-boot\2.0.6.RELEASE\spring-boot-2.0.6.RELEASE.jar;F:\Devlnstal\My_maven\maven_repository\org\springframework\boot\spring-boot-starter-logging\2.0.6.RELEASE\spring-boot-starter-logging-2.0.6.RELEASE.jar;F:\Devlnstal\My_maven\maven_repository\org\apache\logging\log4j\log4j-to-slf4j\2.10.0\log4j-to-slf4j-2.10.0.jar;F:\Devlnstal\My_maven\maven_repository\org\apache\logging\log4j\log4j-api\2.10.0\log4j-api-2.10.0.jar;F:\Devlnstal\My_maven\maven_repository\org\slf4j\jul-to-slf4j\1.7.25\jul-to-slf4j-1.7.25.jar;F:\Devlnstal\My_maven\maven_repository\javax\annotation\javax.annotation-api\1.3.2\javax.annotation-api-1.3.2.jar;F:\Devlnstal\My_maven\maven_repository\org\yaml\snakeyaml\1.19\snakeyaml-1.19.jar;F:\Devlnstal\My_maven\maven_repository\org\springframework\boot\spring-boot-starter-json\2.0.6.RELEASE\spring-boot-starter-json-2.0.6.RELEASE.jar;F:\Devlnstal\My_maven\maven_repository\com\fasterxml\jackson\datatype\jackson-datatype-jdk8\2.9.7\jackson-datatype-jdk8-2.9.7.jar;F:\Devlnstal\My_maven\maven_repository\com\fasterxml\jackson\datatype\jackson-datatype-jsr310\2.9.7\jackson-datatype-jsr310-2.9.7.jar;F:\Devlnstal\My_maven\maven_repository\com\fasterxml\jackson\module\jackson-module-parameter-names\2.9.7\jackson-module-parameter-names-2.9.7.jar;F:\Devlnstal\My_maven\maven_repository\org\springframework\boot\spring-boot-starter-tomcat\2.0.6.RELEASE\spring-boot-starter-tomcat-2.0.6.RELEASE.jar;F:\Devlnstal\My_maven\maven_repository\org\apache\tomcat\embed\tomcat-embed-core\8.5.34\tomcat-embed-core-8.5.34.jar;F:\Devlnstal\My_maven\maven_repository\org\apache\tomcat\embed\tomcat-embed-el\8.5.34\tomcat-embed-el-8.5.34.jar;F:\Devlnstal\My_maven\maven_repository\org\apache\tomcat\embed\tomcat-embed-websocket\8.5.34\tomcat-embed-websocket-8.5.34.jar;F:\Devlnstal\My_maven\maven_repository\org\hibernate\validator\hibernate-validator\6.0.13.Final\hibernate-validator-6.0.13.Final.jar;F:\Devlnstal\My_maven\maven_repository\javax\validation\validation-api\2.0.1.Final\validation-api-2.0.1.Final.jar;F:\Devlnstal\My_maven\maven_repository\org\jboss\logging\jboss-logging\3.3.2.Final\jboss-logging-3.3.2.Final.jar;F:\Devlnstal\My_maven\maven_repository\com\fasterxml\classmate\1.3.4\classmate-1.3.4.jar;F:\Devlnstal\My_maven\maven_repository\org\springframework\spring-web\5.0.10.RELEASE\spring-web-5.0.10.RELEASE.jar;F:\Devlnstal\My_maven\maven_repository\org\springframework\spring-beans\5.0.10.RELEASE\spring-beans-5.0.10.RELEASE.jar;F:\Devlnstal\My_maven\maven_repository\org\springframework\spring-webmvc\5.0.10.RELEASE\spring-webmvc-5.0.10.RELEASE.jar;F:\Devlnstal\My_maven\maven_repository\org\springframework\spring-aop\5.0.10.RELEASE\spring-aop-5.0.10.RELEASE.jar;F:\Devlnstal\My_maven\maven_repository\org\springframework\spring-expression\5.0.10.RELEASE\spring-expression-5.0.10.RELEASE.jar;F:\Devlnstal\My_maven\maven_repository\org\springframework\boot\spring-boot-starter-test\2.0.6.RELEASE\spring-boot-starter-test-2.0.6.RELEASE.jar;F:\Devlnstal\My_maven\maven_repository\org\springframework\boot\spring-boot-test\2.0.6.RELEASE\spring-boot-test-2.0.6.RELEASE.jar;F:\Devlnstal\My_maven\maven_repository\org\springframework\boot\spring-boot-test-autoconfigure\2.0.6.RELEASE\spring-boot-test-autoconfigure-2.0.6.RELEASE.jar;F:\Devlnstal\My_maven\maven_repository\com\jayway\jsonpath\json-path\2.4.0\json-path-2.4.0.jar;F:\Devlnstal\My_maven\maven_repository\net\minidev\json-smart\2.3\json-smart-2.3.jar;F:\Devlnstal\My_maven\maven_repository\net\minidev\accessors-smart\1.2\accessors-smart-1.2.jar;F:\Devlnstal\My_maven\maven_repository\org\ow2\asm\asm\5.0.4\asm-5.0.4.jar;F:\Devlnstal\My_maven\maven_repository\junit\junit\4.12\junit-4.12.jar;F:\Devlnstal\My_maven\maven_repository\org\assertj\assertj-core\3.9.1\assertj-core-3.9.1.jar;F:\Devlnstal\My_maven\maven_repository\org\mockito\mockito-core\2.15.0\mockito-core-2.15.0.jar;F:\Devlnstal\My_maven\maven_repository\net\bytebuddy\byte-buddy\1.7.11\byte-buddy-1.7.11.jar;F:\Devlnstal\My_maven\maven_repository\net\bytebuddy\byte-buddy-agent\1.7.11\byte-buddy-agent-1.7.11.jar;F:\Devlnstal\My_maven\maven_repository\org\objenesis\objenesis\2.6\objenesis-2.6.jar;F:\Devlnstal\My_maven\maven_repository\org\hamcrest\hamcrest-core\1.3\hamcrest-core-1.3.jar;F:\Devlnstal\My_maven\maven_repository\org\hamcrest\hamcrest-library\1.3\hamcrest-library-1.3.jar;F:\Devlnstal\My_maven\maven_repository\org\skyscreamer\jsonassert\1.5.0\jsonassert-1.5.0.jar;F:\Devlnstal\My_maven\maven_repository\com\vaadin\external\google\android-json\0.0.20131108.vaadin1\android-json-0.0.20131108.vaadin1.jar;F:\Devlnstal\My_maven\maven_repository\org\springframework\spring-core\5.0.10.RELEASE\spring-core-5.0.10.RELEASE.jar;F:\Devlnstal\My_maven\maven_repository\org\springframework\spring-jcl\5.0.10.RELEASE\spring-jcl-5.0.10.RELEASE.jar;F:\Devlnstal\My_maven\maven_repository\org\springframework\spring-test\5.0.10.RELEASE\spring-test-5.0.10.RELEASE.jar;F:\Devlnstal\My_maven\maven_repository\org\xmlunit\xmlunit-core\2.5.1\xmlunit-core-2.5.1.jar;F:\Devlnstal\My_maven\maven_repository\com\github\tobato\fastdfs-client\1.26.1-RELEASE\fastdfs-client-1.26.1-RELEASE.jar;F:\Devlnstal\My_maven\maven_repository\org\slf4j\slf4j-api\1.7.25\slf4j-api-1.7.25.jar;F:\Devlnstal\My_maven\maven_repository\org\slf4j\jcl-over-slf4j\1.7.25\jcl-over-slf4j-1.7.25.jar;F:\Devlnstal\My_maven\maven_repository\ch\qos\logback\logback-classic\1.2.3\logback-classic-1.2.3.jar;F:\Devlnstal\My_maven\maven_repository\ch\qos\logback\logback-core\1.2.3\logback-core-1.2.3.jar;F:\Devlnstal\My_maven\maven_repository\org\apache\commons\commons-lang3\3.7\commons-lang3-3.7.jar;F:\Devlnstal\My_maven\maven_repository\commons-beanutils\commons-beanutils\1.9.1\commons-beanutils-1.9.1.jar;F:\Devlnstal\My_maven\maven_repository\commons-collections\commons-collections\3.2.1\commons-collections-3.2.1.jar;F:\Devlnstal\My_maven\maven_repository\commons-io\commons-io\2.4\commons-io-2.4.jar;F:\Devlnstal\My_maven\maven_repository\org\apache\commons\commons-pool2\2.5.0\commons-pool2-2.5.0.jar;F:\Devlnstal\My_maven\maven_repository\org\springframework\boot\spring-boot-autoconfigure\2.0.6.RELEASE\spring-boot-autoconfigure-2.0.6.RELEASE.jar;F:\Devlnstal\My_maven\maven_repository\org\mockito\mockito-all\1.9.5\mockito-all-1.9.5.jar;F:\Devlnstal\My_maven\maven_repository\org\springframework\spring-context\5.0.10.RELEASE\spring-context-5.0.10.RELEASE.jar;F:\Devlnstal\My_maven\maven_repository\net\coobird\thumbnailator\0.4.8\thumbnailator-0.4.8.jar;, user.name=江大侠, java.vm.specification.version=1.8, sun.java.command=C:\Users\江大侠\AppData\Local\Temp\surefire1394317809021543824\surefirebooter8624210546124410522.jar C:\Users\江大侠\AppData\Local\Temp\surefire1394317809021543824 2021-04-12T23-42-54_794-jvmRun1 surefire1397972713364907124tmp surefire_03959038980110685701tmp, java.home=C:\Users\江大侠\.jdks\corretto-1.8.0_282\jre, sun.arch.data.model=64, user.language=zh, java.specification.vendor=Oracle Corporation, awt.toolkit=sun.awt.windows.WToolkit, java.vm.info=mixed mode, java.version=1.8.0_282, java.ext.dirs=C:\Users\江大侠\.jdks\corretto-1.8.0_282\jre\lib\ext;C:\Windows\Sun\Java\lib\ext, sun.boot.class.path=C:\Users\江大侠\.jdks\corretto-1.8.0_282\jre\lib\resources.jar;C:\Users\江大侠\.jdks\corretto-1.8.0_282\jre\lib\rt.jar;C:\Users\江大侠\.jdks\corretto-1.8.0_282\jre\lib\sunrsasign.jar;C:\Users\江大侠\.jdks\corretto-1.8.0_282\jre\lib\jsse.jar;C:\Users\江大侠\.jdks\corretto-1.8.0_282\jre\lib\jce.jar;C:\Users\江大侠\.jdks\corretto-1.8.0_282\jre\lib\charsets.jar;C:\Users\江大侠\.jdks\corretto-1.8.0_282\jre\lib\jfr.jar;C:\Users\江大侠\.jdks\corretto-1.8.0_282\jre\classes, java.vendor=Amazon.com Inc., localRepository=F:\Devlnstal\My_maven\maven_repository, file.separator=\, java.vendor.url.bug=https://github.com/corretto/corretto-8/issues/, sun.io.unicode.encoding=UnicodeLittle, sun.cpu.endian=little, sun.desktop=windows, sun.cpu.isalist=amd64}}, SystemEnvironmentPropertySource@726281927 {name='systemEnvironment', properties={PATH=F:\Devlnstal\VMware\Xshell安装\;F:\Devlnstal\VMware\WMware Workstation\bin\;C:\ProgramData\Oracle\Java\javapath;C:\Windows\system32;C:\Windows;C:\Windows\System32\Wbem;C:\Windows\System32\WindowsPowerShell\v1.0\;C:\Windows\System32\OpenSSH\;C:\Program Files (x86)\NVIDIA Corporation\PhysX\Common;C:\Program Files\NVIDIA Corporation\NVIDIA NvDLISR;"F:\Devlnstal\JDK\bin;F:\Devlnstal\JDK\jre\bin;";F:\Devlnstal\My_maven\apache-maven-3.5.2\bin;F:\Devlnstal\My_mysql\MySQL\mysql-8.0.17-winx64\bin;F:\Devlnstal\nodejs\;F:\Devlnstal\Git\Git\cmd;C:\Users\江大侠\AppData\Local\Microsoft\WindowsApps;;F:\Devlnstal\IntelliJ IDEA 2020.3.2\bin;;C:\Users\江大侠\AppData\Roaming\npm, USERDOMAIN_ROAMINGPROFILE=LAPTOP-F1UOFC3S, LOCALAPPDATA=C:\Users\江大侠\AppData\Local, PROCESSOR_LEVEL=6, SYSTEMDRIVE=C:, COMMONPROGRAMFILES(X86)=C:\Program Files (x86)\Common Files, USERDOMAIN=LAPTOP-F1UOFC3S, LOGONSERVER=\\LAPTOP-F1UOFC3S, JAVA_HOME=F:\Devlnstal\JDK, PROMPT=$P$G, SESSIONNAME=Console, ALLUSERSPROFILE=C:\ProgramData, PROGRAMFILES(X86)=C:\Program Files (x86), PROCESSOR_ARCHITECTURE=AMD64, DRIVERDATA=C:\Windows\System32\Drivers\DriverData, INTELLIJ IDEA=F:\Devlnstal\IntelliJ IDEA 2020.3.2\bin;, =E:=E:\IdeaProjects\code\leyou\leyou-upload, MAVEN_HOME=F:\Devlnstal\My_maven\apache-maven-3.5.2, PROGRAMFILES=C:\Program Files, APPDATA=C:\Users\江大侠\AppData\Roaming, PSMODULEPATH=C:\Program Files\WindowsPowerShell\Modules;C:\Windows\system32\WindowsPowerShell\v1.0\Modules, PROGRAMW6432=C:\Program Files, PROGRAMDATA=C:\ProgramData, SYSTEMROOT=C:\Windows, USERNAME=江大侠, ONEDRIVE=C:\Users\江大侠\OneDrive, PATHEXT=.COM;.EXE;.BAT;.CMD;.VBS;.VBE;.JS;.JSE;.WSF;.WSH;.MSC, OS=Windows_NT, COMMONPROGRAMW6432=C:\Program Files\Common Files, COMPUTERNAME=LAPTOP-F1UOFC3S, COMMONPROGRAMFILES=C:\Program Files\Common Files, COMSPEC=C:\Windows\system32\cmd.exe, PROCESSOR_REVISION=8c01, CLASSPATH=F:\Devlnstal\JDK\lib;F:\Devlnstal\JDK\lib\tools.jar;, WINDIR=C:\Windows, HOMEPATH=\Users\江大侠, TEMP=C:\Users\江大侠\AppData\Local\Temp, HOMEDRIVE=C:, PROCESSOR_IDENTIFIER=Intel64 Family 6 Model 140 Stepping 1, GenuineIntel, USERPROFILE=C:\Users\江大侠, TMP=C:\Users\江大侠\AppData\Local\Temp, PUBLIC=C:\Users\Public, NUMBER_OF_PROCESSORS=8, =::=::\, IDEA_INITIAL_DIRECTORY=C:\Users\江大侠\Desktop, ZES_ENABLE_SYSMAN=1}}]
23:42:57.197 [main] DEBUG org.springframework.core.io.support.PathMatchingResourcePatternResolver - Resolved classpath location [com/leyou/upload/test/] to resources [URL [file:/E:/IdeaProjects/code/leyou/leyou-upload/target/test-classes/com/leyou/upload/test/]]
23:42:57.197 [main] DEBUG org.springframework.core.io.support.PathMatchingResourcePatternResolver - Looking for matching resources in directory tree [E:\IdeaProjects\code\leyou\leyou-upload\target\test-classes\com\leyou\upload\test]
23:42:57.197 [main] DEBUG org.springframework.core.io.support.PathMatchingResourcePatternResolver - Searching directory [E:\IdeaProjects\code\leyou\leyou-upload\target\test-classes\com\leyou\upload\test] for files matching pattern [E:/IdeaProjects/code/leyou/leyou-upload/target/test-classes/com/leyou/upload/test/*.class]
23:42:57.197 [main] DEBUG org.springframework.core.io.support.PathMatchingResourcePatternResolver - Resolved location pattern [classpath*:com/leyou/upload/test/*.class] to resources [file [E:\IdeaProjects\code\leyou\leyou-upload\target\test-classes\com\leyou\upload\test\FastDFSTest.class]]
23:42:57.212 [main] DEBUG org.springframework.core.io.support.PathMatchingResourcePatternResolver - Resolved classpath location [com/leyou/upload/] to resources [URL [file:/E:/IdeaProjects/code/leyou/leyou-upload/target/test-classes/com/leyou/upload/], URL [file:/E:/IdeaProjects/code/leyou/leyou-upload/target/classes/com/leyou/upload/]]
23:42:57.212 [main] DEBUG org.springframework.core.io.support.PathMatchingResourcePatternResolver - Looking for matching resources in directory tree [E:\IdeaProjects\code\leyou\leyou-upload\target\test-classes\com\leyou\upload]
23:42:57.212 [main] DEBUG org.springframework.core.io.support.PathMatchingResourcePatternResolver - Searching directory [E:\IdeaProjects\code\leyou\leyou-upload\target\test-classes\com\leyou\upload] for files matching pattern [E:/IdeaProjects/code/leyou/leyou-upload/target/test-classes/com/leyou/upload/*.class]
23:42:57.212 [main] DEBUG org.springframework.core.io.support.PathMatchingResourcePatternResolver - Looking for matching resources in directory tree [E:\IdeaProjects\code\leyou\leyou-upload\target\classes\com\leyou\upload]
23:42:57.212 [main] DEBUG org.springframework.core.io.support.PathMatchingResourcePatternResolver - Searching directory [E:\IdeaProjects\code\leyou\leyou-upload\target\classes\com\leyou\upload] for files matching pattern [E:/IdeaProjects/code/leyou/leyou-upload/target/classes/com/leyou/upload/*.class]
23:42:57.212 [main] DEBUG org.springframework.core.io.support.PathMatchingResourcePatternResolver - Resolved location pattern [classpath*:com/leyou/upload/*.class] to resources []
23:42:57.212 [main] DEBUG org.springframework.core.io.support.PathMatchingResourcePatternResolver - Resolved classpath location [com/leyou/] to resources [URL [file:/E:/IdeaProjects/code/leyou/leyou-upload/target/test-classes/com/leyou/], URL [file:/E:/IdeaProjects/code/leyou/leyou-upload/target/classes/com/leyou/]]
23:42:57.212 [main] DEBUG org.springframework.core.io.support.PathMatchingResourcePatternResolver - Looking for matching resources in directory tree [E:\IdeaProjects\code\leyou\leyou-upload\target\test-classes\com\leyou]
23:42:57.212 [main] DEBUG org.springframework.core.io.support.PathMatchingResourcePatternResolver - Searching directory [E:\IdeaProjects\code\leyou\leyou-upload\target\test-classes\com\leyou] for files matching pattern [E:/IdeaProjects/code/leyou/leyou-upload/target/test-classes/com/leyou/*.class]
23:42:57.212 [main] DEBUG org.springframework.core.io.support.PathMatchingResourcePatternResolver - Looking for matching resources in directory tree [E:\IdeaProjects\code\leyou\leyou-upload\target\classes\com\leyou]
23:42:57.212 [main] DEBUG org.springframework.core.io.support.PathMatchingResourcePatternResolver - Searching directory [E:\IdeaProjects\code\leyou\leyou-upload\target\classes\com\leyou] for files matching pattern [E:/IdeaProjects/code/leyou/leyou-upload/target/classes/com/leyou/*.class]
23:42:57.212 [main] DEBUG org.springframework.core.io.support.PathMatchingResourcePatternResolver - Resolved location pattern [classpath*:com/leyou/*.class] to resources [file [E:\IdeaProjects\code\leyou\leyou-upload\target\classes\com\leyou\LeyouUploadApplication.class]]
23:42:57.232 [main] DEBUG org.springframework.context.annotation.ClassPathScanningCandidateComponentProvider - Identified candidate component class: file [E:\IdeaProjects\code\leyou\leyou-upload\target\classes\com\leyou\LeyouUploadApplication.class]
23:42:57.248 [main] INFO org.springframework.boot.test.context.SpringBootTestContextBootstrapper - Found @SpringBootConfiguration com.leyou.LeyouUploadApplication for test class com.leyou.upload.test.FastDFSTest
23:42:57.332 [main] DEBUG org.springframework.boot.test.context.SpringBootTestContextBootstrapper - @TestExecutionListeners is not present for class [com.leyou.upload.test.FastDFSTest]: using defaults.
23:42:57.348 [main] INFO org.springframework.boot.test.context.SpringBootTestContextBootstrapper - Loaded default TestExecutionListener class names from location [META-INF/spring.factories]: [org.springframework.boot.test.mock.mockito.MockitoTestExecutionListener, org.springframework.boot.test.mock.mockito.ResetMocksTestExecutionListener, org.springframework.boot.test.autoconfigure.restdocs.RestDocsTestExecutionListener, org.springframework.boot.test.autoconfigure.web.client.MockRestServiceServerResetTestExecutionListener, org.springframework.boot.test.autoconfigure.web.servlet.MockMvcPrintOnlyOnFailureTestExecutionListener, org.springframework.boot.test.autoconfigure.web.servlet.WebDriverTestExecutionListener, org.springframework.test.context.web.ServletTestExecutionListener, org.springframework.test.context.support.DirtiesContextBeforeModesTestExecutionListener, org.springframework.test.context.support.DependencyInjectionTestExecutionListener, org.springframework.test.context.support.DirtiesContextTestExecutionListener, org.springframework.test.context.transaction.TransactionalTestExecutionListener, org.springframework.test.context.jdbc.SqlScriptsTestExecutionListener]
23:42:57.348 [main] DEBUG org.springframework.boot.test.context.SpringBootTestContextBootstrapper - Skipping candidate TestExecutionListener [org.springframework.test.context.transaction.TransactionalTestExecutionListener] due to a missing dependency. Specify custom listener classes or make the default listener classes and their required dependencies available. Offending class: [org/springframework/transaction/interceptor/TransactionAttributeSource]
23:42:57.348 [main] DEBUG org.springframework.boot.test.context.SpringBootTestContextBootstrapper - Skipping candidate TestExecutionListener [org.springframework.test.context.jdbc.SqlScriptsTestExecutionListener] due to a missing dependency. Specify custom listener classes or make the default listener classes and their required dependencies available. Offending class: [org/springframework/transaction/interceptor/TransactionAttribute]
23:42:57.348 [main] INFO org.springframework.boot.test.context.SpringBootTestContextBootstrapper - Using TestExecutionListeners: [org.springframework.test.context.web.ServletTestExecutionListener@46fa7c39, org.springframework.test.context.support.DirtiesContextBeforeModesTestExecutionListener@1fb700ee, org.springframework.boot.test.mock.mockito.MockitoTestExecutionListener@4f67eb2a, org.springframework.boot.test.autoconfigure.SpringBootDependencyInjectionTestExecutionListener@4a668b6e, org.springframework.test.context.support.DirtiesContextTestExecutionListener@5f683daf, org.springframework.boot.test.mock.mockito.ResetMocksTestExecutionListener@78ffe6dc, org.springframework.boot.test.autoconfigure.restdocs.RestDocsTestExecutionListener@8317c52, org.springframework.boot.test.autoconfigure.web.client.MockRestServiceServerResetTestExecutionListener@76f2bbc1, org.springframework.boot.test.autoconfigure.web.servlet.MockMvcPrintOnlyOnFailureTestExecutionListener@68e965f5, org.springframework.boot.test.autoconfigure.web.servlet.WebDriverTestExecutionListener@6f27a732]
23:42:57.348 [main] DEBUG org.springframework.test.annotation.ProfileValueUtils - Retrieved @ProfileValueSourceConfiguration [null] for test class [com.leyou.upload.test.FastDFSTest]
23:42:57.348 [main] DEBUG org.springframework.test.annotation.ProfileValueUtils - Retrieved ProfileValueSource type [class org.springframework.test.annotation.SystemProfileValueSource] for class [com.leyou.upload.test.FastDFSTest]
23:42:57.348 [main] DEBUG org.springframework.test.annotation.ProfileValueUtils - Retrieved @ProfileValueSourceConfiguration [null] for test class [com.leyou.upload.test.FastDFSTest]
23:42:57.348 [main] DEBUG org.springframework.test.annotation.ProfileValueUtils - Retrieved ProfileValueSource type [class org.springframework.test.annotation.SystemProfileValueSource] for class [com.leyou.upload.test.FastDFSTest]
23:42:57.348 [main] DEBUG org.springframework.test.annotation.ProfileValueUtils - Retrieved @ProfileValueSourceConfiguration [null] for test class [com.leyou.upload.test.FastDFSTest]
23:42:57.348 [main] DEBUG org.springframework.test.annotation.ProfileValueUtils - Retrieved ProfileValueSource type [class org.springframework.test.annotation.SystemProfileValueSource] for class [com.leyou.upload.test.FastDFSTest]
23:42:57.348 [main] DEBUG org.springframework.test.context.support.AbstractDirtiesContextTestExecutionListener - Before test class: context [DefaultTestContext@4da4253 testClass = FastDFSTest, testInstance = [null], testMethod = [null], testException = [null], mergedContextConfiguration = [WebMergedContextConfiguration@3972a855 testClass = FastDFSTest, locations = '{}', classes = '{class com.leyou.LeyouUploadApplication}', contextInitializerClasses = '[]', activeProfiles = '{}', propertySourceLocations = '{}', propertySourceProperties = '{org.springframework.boot.test.context.SpringBootTestContextBootstrapper=true}', contextCustomizers = set[org.springframework.boot.test.context.filter.ExcludeFilterContextCustomizer@76a4d6c, org.springframework.boot.test.json.DuplicateJsonObjectContextCustomizerFactory$DuplicateJsonObjectContextCustomizer@32cf48b7, org.springframework.boot.test.mock.mockito.MockitoContextCustomizer@0, org.springframework.boot.test.web.client.TestRestTemplateContextCustomizer@1176dcec, org.springframework.boot.test.autoconfigure.properties.PropertyMappingContextCustomizer@0, org.springframework.boot.test.autoconfigure.web.servlet.WebDriverContextCustomizerFactory$Customizer@64d7f7e0], resourceBasePath = 'src/main/webapp', contextLoader = 'org.springframework.boot.test.context.SpringBootContextLoader', parent = [null]], attributes = map['org.springframework.test.context.web.ServletTestExecutionListener.activateListener' -> true]], class annotated with @DirtiesContext [false] with mode [null].
23:42:57.348 [main] DEBUG org.springframework.test.annotation.ProfileValueUtils - Retrieved @ProfileValueSourceConfiguration [null] for test class [com.leyou.upload.test.FastDFSTest]
23:42:57.348 [main] DEBUG org.springframework.test.annotation.ProfileValueUtils - Retrieved ProfileValueSource type [class org.springframework.test.annotation.SystemProfileValueSource] for class [com.leyou.upload.test.FastDFSTest]
23:42:57.364 [main] DEBUG org.springframework.core.env.StandardEnvironment - Adding PropertySource 'systemProperties' with lowest search precedence
23:42:57.364 [main] DEBUG org.springframework.core.env.StandardEnvironment - Adding PropertySource 'systemEnvironment' with lowest search precedence
23:42:57.364 [main] DEBUG org.springframework.core.env.StandardEnvironment - Initialized StandardEnvironment with PropertySources [MapPropertySource@363509958 {name='systemProperties', properties={idea.version=2021.1, java.runtime.name=OpenJDK Runtime Environment, sun.boot.library.path=C:\Users\江大侠\.jdks\corretto-1.8.0_282\jre\bin, java.vm.version=25.282-b08, java.vm.vendor=Amazon.com Inc., java.vendor.url=https://aws.amazon.com/corretto/, path.separator=;, java.vm.name=OpenJDK 64-Bit Server VM, file.encoding.pkg=sun.io, user.country=CN, user.script=, sun.java.launcher=SUN_STANDARD, sun.os.patch.level=, java.vm.specification.name=Java Virtual Machine Specification, user.dir=E:\IdeaProjects\code\leyou\leyou-upload, java.runtime.version=1.8.0_282-b08, basedir=E:\IdeaProjects\code\leyou\leyou-upload, java.awt.graphicsenv=sun.awt.Win32GraphicsEnvironment, java.endorsed.dirs=C:\Users\江大侠\.jdks\corretto-1.8.0_282\jre\lib\endorsed, os.arch=amd64, surefire.real.class.path=C:\Users\江大侠\AppData\Local\Temp\surefire1394317809021543824\surefirebooter8624210546124410522.jar, java.io.tmpdir=C:\Users\江大侠\AppData\Local\Temp\, line.separator=
, java.vm.specification.vendor=Oracle Corporation, user.variant=, os.name=Windows 10, sun.jnu.encoding=GBK, java.library.path=C:\Users\江大侠\.jdks\corretto-1.8.0_282\jre\bin;C:\Windows\Sun\Java\bin;C:\Windows\system32;C:\Windows;F:\Devlnstal\VMware\Xshell安装\;F:\Devlnstal\VMware\WMware Workstation\bin\;C:\ProgramData\Oracle\Java\javapath;C:\Windows\system32;C:\Windows;C:\Windows\System32\Wbem;C:\Windows\System32\WindowsPowerShell\v1.0\;C:\Windows\System32\OpenSSH\;C:\Program Files (x86)\NVIDIA Corporation\PhysX\Common;C:\Program Files\NVIDIA Corporation\NVIDIA NvDLISR;"F:\Devlnstal\JDK\bin;F:\Devlnstal\JDK\jre\bin;";F:\Devlnstal\My_maven\apache-maven-3.5.2\bin;F:\Devlnstal\My_mysql\MySQL\mysql-8.0.17-winx64\bin;F:\Devlnstal\nodejs\;F:\Devlnstal\Git\Git\cmd;C:\Users\江大侠\AppData\Local\Microsoft\WindowsApps;;F:\Devlnstal\IntelliJ IDEA 2020.3.2\bin;;C:\Users\江大侠\AppData\Roaming\npm;., surefire.test.class.path=E:\IdeaProjects\code\leyou\leyou-upload\target\test-classes;E:\IdeaProjects\code\leyou\leyou-upload\target\classes;F:\Devlnstal\My_maven\maven_repository\org\springframework\cloud\spring-cloud-starter-netflix-eureka-client\2.0.2.RELEASE\spring-cloud-starter-netflix-eureka-client-2.0.2.RELEASE.jar;F:\Devlnstal\My_maven\maven_repository\org\springframework\cloud\spring-cloud-starter\2.0.2.RELEASE\spring-cloud-starter-2.0.2.RELEASE.jar;F:\Devlnstal\My_maven\maven_repository\org\springframework\cloud\spring-cloud-context\2.0.2.RELEASE\spring-cloud-context-2.0.2.RELEASE.jar;F:\Devlnstal\My_maven\maven_repository\org\springframework\security\spring-security-crypto\5.0.9.RELEASE\spring-security-crypto-5.0.9.RELEASE.jar;F:\Devlnstal\My_maven\maven_repository\org\springframework\cloud\spring-cloud-commons\2.0.2.RELEASE\spring-cloud-commons-2.0.2.RELEASE.jar;F:\Devlnstal\My_maven\maven_repository\org\springframework\security\spring-security-rsa\1.0.7.RELEASE\spring-security-rsa-1.0.7.RELEASE.jar;F:\Devlnstal\My_maven\maven_repository\org\bouncycastle\bcpkix-jdk15on\1.60\bcpkix-jdk15on-1.60.jar;F:\Devlnstal\My_maven\maven_repository\org\bouncycastle\bcprov-jdk15on\1.60\bcprov-jdk15on-1.60.jar;F:\Devlnstal\My_maven\maven_repository\org\springframework\cloud\spring-cloud-netflix-core\2.0.2.RELEASE\spring-cloud-netflix-core-2.0.2.RELEASE.jar;F:\Devlnstal\My_maven\maven_repository\org\springframework\boot\spring-boot-starter-aop\2.0.6.RELEASE\spring-boot-starter-aop-2.0.6.RELEASE.jar;F:\Devlnstal\My_maven\maven_repository\org\aspectj\aspectjweaver\1.8.13\aspectjweaver-1.8.13.jar;F:\Devlnstal\My_maven\maven_repository\org\springframework\cloud\spring-cloud-netflix-eureka-client\2.0.2.RELEASE\spring-cloud-netflix-eureka-client-2.0.2.RELEASE.jar;F:\Devlnstal\My_maven\maven_repository\com\netflix\eureka\eureka-client\1.9.3\eureka-client-1.9.3.jar;F:\Devlnstal\My_maven\maven_repository\org\codehaus\jettison\jettison\1.3.7\jettison-1.3.7.jar;F:\Devlnstal\My_maven\maven_repository\stax\stax-api\1.0.1\stax-api-1.0.1.jar;F:\Devlnstal\My_maven\maven_repository\com\netflix\netflix-commons\netflix-eventbus\0.3.0\netflix-eventbus-0.3.0.jar;F:\Devlnstal\My_maven\maven_repository\com\netflix\netflix-commons\netflix-infix\0.3.0\netflix-infix-0.3.0.jar;F:\Devlnstal\My_maven\maven_repository\commons-jxpath\commons-jxpath\1.3\commons-jxpath-1.3.jar;F:\Devlnstal\My_maven\maven_repository\joda-time\joda-time\2.9.9\joda-time-2.9.9.jar;F:\Devlnstal\My_maven\maven_repository\org\antlr\antlr-runtime\3.4\antlr-runtime-3.4.jar;F:\Devlnstal\My_maven\maven_repository\org\antlr\stringtemplate\3.2.1\stringtemplate-3.2.1.jar;F:\Devlnstal\My_maven\maven_repository\antlr\antlr\2.7.7\antlr-2.7.7.jar;F:\Devlnstal\My_maven\maven_repository\com\google\code\gson\gson\2.8.5\gson-2.8.5.jar;F:\Devlnstal\My_maven\maven_repository\org\apache\commons\commons-math\2.2\commons-math-2.2.jar;F:\Devlnstal\My_maven\maven_repository\com\netflix\archaius\archaius-core\0.7.6\archaius-core-0.7.6.jar;F:\Devlnstal\My_maven\maven_repository\com\google\guava\guava\16.0\guava-16.0.jar;F:\Devlnstal\My_maven\maven_repository\javax\ws\rs\jsr311-api\1.1.1\jsr311-api-1.1.1.jar;F:\Devlnstal\My_maven\maven_repository\com\netflix\servo\servo-core\0.12.21\servo-core-0.12.21.jar;F:\Devlnstal\My_maven\maven_repository\com\sun\jersey\jersey-core\1.19.1\jersey-core-1.19.1.jar;F:\Devlnstal\My_maven\maven_repository\com\sun\jersey\jersey-client\1.19.1\jersey-client-1.19.1.jar;F:\Devlnstal\My_maven\maven_repository\com\sun\jersey\contribs\jersey-apache-client4\1.19.1\jersey-apache-client4-1.19.1.jar;F:\Devlnstal\My_maven\maven_repository\org\apache\httpcomponents\httpclient\4.5.6\httpclient-4.5.6.jar;F:\Devlnstal\My_maven\maven_repository\org\apache\httpcomponents\httpcore\4.4.10\httpcore-4.4.10.jar;F:\Devlnstal\My_maven\maven_repository\commons-codec\commons-codec\1.11\commons-codec-1.11.jar;F:\Devlnstal\My_maven\maven_repository\com\google\inject\guice\4.1.0\guice-4.1.0.jar;F:\Devlnstal\My_maven\maven_repository\javax\inject\javax.inject\1\javax.inject-1.jar;F:\Devlnstal\My_maven\maven_repository\aopalliance\aopalliance\1.0\aopalliance-1.0.jar;F:\Devlnstal\My_maven\maven_repository\com\github\vlsi\compactmap\compactmap\1.2.1\compactmap-1.2.1.jar;F:\Devlnstal\My_maven\maven_repository\com\github\andrewoma\dexx\dexx-collections\0.2\dexx-collections-0.2.jar;F:\Devlnstal\My_maven\maven_repository\com\fasterxml\jackson\core\jackson-annotations\2.9.0\jackson-annotations-2.9.0.jar;F:\Devlnstal\My_maven\maven_repository\com\fasterxml\jackson\core\jackson-core\2.9.7\jackson-core-2.9.7.jar;F:\Devlnstal\My_maven\maven_repository\com\fasterxml\jackson\core\jackson-databind\2.9.7\jackson-databind-2.9.7.jar;F:\Devlnstal\My_maven\maven_repository\com\netflix\eureka\eureka-core\1.9.3\eureka-core-1.9.3.jar;F:\Devlnstal\My_maven\maven_repository\org\codehaus\woodstox\woodstox-core-asl\4.4.1\woodstox-core-asl-4.4.1.jar;F:\Devlnstal\My_maven\maven_repository\javax\xml\stream\stax-api\1.0-2\stax-api-1.0-2.jar;F:\Devlnstal\My_maven\maven_repository\org\codehaus\woodstox\stax2-api\3.1.4\stax2-api-3.1.4.jar;F:\Devlnstal\My_maven\maven_repository\org\springframework\cloud\spring-cloud-starter-netflix-archaius\2.0.2.RELEASE\spring-cloud-starter-netflix-archaius-2.0.2.RELEASE.jar;F:\Devlnstal\My_maven\maven_repository\org\springframework\cloud\spring-cloud-netflix-ribbon\2.0.2.RELEASE\spring-cloud-netflix-ribbon-2.0.2.RELEASE.jar;F:\Devlnstal\My_maven\maven_repository\org\springframework\cloud\spring-cloud-netflix-archaius\2.0.2.RELEASE\spring-cloud-netflix-archaius-2.0.2.RELEASE.jar;F:\Devlnstal\My_maven\maven_repository\commons-configuration\commons-configuration\1.8\commons-configuration-1.8.jar;F:\Devlnstal\My_maven\maven_repository\commons-lang\commons-lang\2.6\commons-lang-2.6.jar;F:\Devlnstal\My_maven\maven_repository\org\springframework\cloud\spring-cloud-starter-netflix-ribbon\2.0.2.RELEASE\spring-cloud-starter-netflix-ribbon-2.0.2.RELEASE.jar;F:\Devlnstal\My_maven\maven_repository\com\netflix\ribbon\ribbon\2.2.5\ribbon-2.2.5.jar;F:\Devlnstal\My_maven\maven_repository\com\netflix\ribbon\ribbon-transport\2.2.5\ribbon-transport-2.2.5.jar;F:\Devlnstal\My_maven\maven_repository\io\reactivex\rxnetty-contexts\0.4.9\rxnetty-contexts-0.4.9.jar;F:\Devlnstal\My_maven\maven_repository\io\reactivex\rxnetty-servo\0.4.9\rxnetty-servo-0.4.9.jar;F:\Devlnstal\My_maven\maven_repository\com\netflix\hystrix\hystrix-core\1.5.12\hystrix-core-1.5.12.jar;F:\Devlnstal\My_maven\maven_repository\org\hdrhistogram\HdrHistogram\2.1.9\HdrHistogram-2.1.9.jar;F:\Devlnstal\My_maven\maven_repository\io\reactivex\rxnetty\0.4.9\rxnetty-0.4.9.jar;F:\Devlnstal\My_maven\maven_repository\com\netflix\ribbon\ribbon-core\2.2.5\ribbon-core-2.2.5.jar;F:\Devlnstal\My_maven\maven_repository\com\netflix\ribbon\ribbon-httpclient\2.2.5\ribbon-httpclient-2.2.5.jar;F:\Devlnstal\My_maven\maven_repository\com\netflix\netflix-commons\netflix-commons-util\0.3.0\netflix-commons-util-0.3.0.jar;F:\Devlnstal\My_maven\maven_repository\com\netflix\ribbon\ribbon-loadbalancer\2.2.5\ribbon-loadbalancer-2.2.5.jar;F:\Devlnstal\My_maven\maven_repository\com\netflix\netflix-commons\netflix-statistics\0.1.1\netflix-statistics-0.1.1.jar;F:\Devlnstal\My_maven\maven_repository\io\reactivex\rxjava\1.3.8\rxjava-1.3.8.jar;F:\Devlnstal\My_maven\maven_repository\com\netflix\ribbon\ribbon-eureka\2.2.5\ribbon-eureka-2.2.5.jar;F:\Devlnstal\My_maven\maven_repository\com\thoughtworks\xstream\xstream\1.4.10\xstream-1.4.10.jar;F:\Devlnstal\My_maven\maven_repository\xmlpull\xmlpull\1.1.3.1\xmlpull-1.1.3.1.jar;F:\Devlnstal\My_maven\maven_repository\xpp3\xpp3_min\1.1.4c\xpp3_min-1.1.4c.jar;F:\Devlnstal\My_maven\maven_repository\org\springframework\boot\spring-boot-starter-web\2.0.6.RELEASE\spring-boot-starter-web-2.0.6.RELEASE.jar;F:\Devlnstal\My_maven\maven_repository\org\springframework\boot\spring-boot-starter\2.0.6.RELEASE\spring-boot-starter-2.0.6.RELEASE.jar;F:\Devlnstal\My_maven\maven_repository\org\springframework\boot\spring-boot\2.0.6.RELEASE\spring-boot-2.0.6.RELEASE.jar;F:\Devlnstal\My_maven\maven_repository\org\springframework\boot\spring-boot-starter-logging\2.0.6.RELEASE\spring-boot-starter-logging-2.0.6.RELEASE.jar;F:\Devlnstal\My_maven\maven_repository\org\apache\logging\log4j\log4j-to-slf4j\2.10.0\log4j-to-slf4j-2.10.0.jar;F:\Devlnstal\My_maven\maven_repository\org\apache\logging\log4j\log4j-api\2.10.0\log4j-api-2.10.0.jar;F:\Devlnstal\My_maven\maven_repository\org\slf4j\jul-to-slf4j\1.7.25\jul-to-slf4j-1.7.25.jar;F:\Devlnstal\My_maven\maven_repository\javax\annotation\javax.annotation-api\1.3.2\javax.annotation-api-1.3.2.jar;F:\Devlnstal\My_maven\maven_repository\org\yaml\snakeyaml\1.19\snakeyaml-1.19.jar;F:\Devlnstal\My_maven\maven_repository\org\springframework\boot\spring-boot-starter-json\2.0.6.RELEASE\spring-boot-starter-json-2.0.6.RELEASE.jar;F:\Devlnstal\My_maven\maven_repository\com\fasterxml\jackson\datatype\jackson-datatype-jdk8\2.9.7\jackson-datatype-jdk8-2.9.7.jar;F:\Devlnstal\My_maven\maven_repository\com\fasterxml\jackson\datatype\jackson-datatype-jsr310\2.9.7\jackson-datatype-jsr310-2.9.7.jar;F:\Devlnstal\My_maven\maven_repository\com\fasterxml\jackson\module\jackson-module-parameter-names\2.9.7\jackson-module-parameter-names-2.9.7.jar;F:\Devlnstal\My_maven\maven_repository\org\springframework\boot\spring-boot-starter-tomcat\2.0.6.RELEASE\spring-boot-starter-tomcat-2.0.6.RELEASE.jar;F:\Devlnstal\My_maven\maven_repository\org\apache\tomcat\embed\tomcat-embed-core\8.5.34\tomcat-embed-core-8.5.34.jar;F:\Devlnstal\My_maven\maven_repository\org\apache\tomcat\embed\tomcat-embed-el\8.5.34\tomcat-embed-el-8.5.34.jar;F:\Devlnstal\My_maven\maven_repository\org\apache\tomcat\embed\tomcat-embed-websocket\8.5.34\tomcat-embed-websocket-8.5.34.jar;F:\Devlnstal\My_maven\maven_repository\org\hibernate\validator\hibernate-validator\6.0.13.Final\hibernate-validator-6.0.13.Final.jar;F:\Devlnstal\My_maven\maven_repository\javax\validation\validation-api\2.0.1.Final\validation-api-2.0.1.Final.jar;F:\Devlnstal\My_maven\maven_repository\org\jboss\logging\jboss-logging\3.3.2.Final\jboss-logging-3.3.2.Final.jar;F:\Devlnstal\My_maven\maven_repository\com\fasterxml\classmate\1.3.4\classmate-1.3.4.jar;F:\Devlnstal\My_maven\maven_repository\org\springframework\spring-web\5.0.10.RELEASE\spring-web-5.0.10.RELEASE.jar;F:\Devlnstal\My_maven\maven_repository\org\springframework\spring-beans\5.0.10.RELEASE\spring-beans-5.0.10.RELEASE.jar;F:\Devlnstal\My_maven\maven_repository\org\springframework\spring-webmvc\5.0.10.RELEASE\spring-webmvc-5.0.10.RELEASE.jar;F:\Devlnstal\My_maven\maven_repository\org\springframework\spring-aop\5.0.10.RELEASE\spring-aop-5.0.10.RELEASE.jar;F:\Devlnstal\My_maven\maven_repository\org\springframework\spring-expression\5.0.10.RELEASE\spring-expression-5.0.10.RELEASE.jar;F:\Devlnstal\My_maven\maven_repository\org\springframework\boot\spring-boot-starter-test\2.0.6.RELEASE\spring-boot-starter-test-2.0.6.RELEASE.jar;F:\Devlnstal\My_maven\maven_repository\org\springframework\boot\spring-boot-test\2.0.6.RELEASE\spring-boot-test-2.0.6.RELEASE.jar;F:\Devlnstal\My_maven\maven_repository\org\springframework\boot\spring-boot-test-autoconfigure\2.0.6.RELEASE\spring-boot-test-autoconfigure-2.0.6.RELEASE.jar;F:\Devlnstal\My_maven\maven_repository\com\jayway\jsonpath\json-path\2.4.0\json-path-2.4.0.jar;F:\Devlnstal\My_maven\maven_repository\net\minidev\json-smart\2.3\json-smart-2.3.jar;F:\Devlnstal\My_maven\maven_repository\net\minidev\accessors-smart\1.2\accessors-smart-1.2.jar;F:\Devlnstal\My_maven\maven_repository\org\ow2\asm\asm\5.0.4\asm-5.0.4.jar;F:\Devlnstal\My_maven\maven_repository\junit\junit\4.12\junit-4.12.jar;F:\Devlnstal\My_maven\maven_repository\org\assertj\assertj-core\3.9.1\assertj-core-3.9.1.jar;F:\Devlnstal\My_maven\maven_repository\org\mockito\mockito-core\2.15.0\mockito-core-2.15.0.jar;F:\Devlnstal\My_maven\maven_repository\net\bytebuddy\byte-buddy\1.7.11\byte-buddy-1.7.11.jar;F:\Devlnstal\My_maven\maven_repository\net\bytebuddy\byte-buddy-agent\1.7.11\byte-buddy-agent-1.7.11.jar;F:\Devlnstal\My_maven\maven_repository\org\objenesis\objenesis\2.6\objenesis-2.6.jar;F:\Devlnstal\My_maven\maven_repository\org\hamcrest\hamcrest-core\1.3\hamcrest-core-1.3.jar;F:\Devlnstal\My_maven\maven_repository\org\hamcrest\hamcrest-library\1.3\hamcrest-library-1.3.jar;F:\Devlnstal\My_maven\maven_repository\org\skyscreamer\jsonassert\1.5.0\jsonassert-1.5.0.jar;F:\Devlnstal\My_maven\maven_repository\com\vaadin\external\google\android-json\0.0.20131108.vaadin1\android-json-0.0.20131108.vaadin1.jar;F:\Devlnstal\My_maven\maven_repository\org\springframework\spring-core\5.0.10.RELEASE\spring-core-5.0.10.RELEASE.jar;F:\Devlnstal\My_maven\maven_repository\org\springframework\spring-jcl\5.0.10.RELEASE\spring-jcl-5.0.10.RELEASE.jar;F:\Devlnstal\My_maven\maven_repository\org\springframework\spring-test\5.0.10.RELEASE\spring-test-5.0.10.RELEASE.jar;F:\Devlnstal\My_maven\maven_repository\org\xmlunit\xmlunit-core\2.5.1\xmlunit-core-2.5.1.jar;F:\Devlnstal\My_maven\maven_repository\com\github\tobato\fastdfs-client\1.26.1-RELEASE\fastdfs-client-1.26.1-RELEASE.jar;F:\Devlnstal\My_maven\maven_repository\org\slf4j\slf4j-api\1.7.25\slf4j-api-1.7.25.jar;F:\Devlnstal\My_maven\maven_repository\org\slf4j\jcl-over-slf4j\1.7.25\jcl-over-slf4j-1.7.25.jar;F:\Devlnstal\My_maven\maven_repository\ch\qos\logback\logback-classic\1.2.3\logback-classic-1.2.3.jar;F:\Devlnstal\My_maven\maven_repository\ch\qos\logback\logback-core\1.2.3\logback-core-1.2.3.jar;F:\Devlnstal\My_maven\maven_repository\org\apache\commons\commons-lang3\3.7\commons-lang3-3.7.jar;F:\Devlnstal\My_maven\maven_repository\commons-beanutils\commons-beanutils\1.9.1\commons-beanutils-1.9.1.jar;F:\Devlnstal\My_maven\maven_repository\commons-collections\commons-collections\3.2.1\commons-collections-3.2.1.jar;F:\Devlnstal\My_maven\maven_repository\commons-io\commons-io\2.4\commons-io-2.4.jar;F:\Devlnstal\My_maven\maven_repository\org\apache\commons\commons-pool2\2.5.0\commons-pool2-2.5.0.jar;F:\Devlnstal\My_maven\maven_repository\org\springframework\boot\spring-boot-autoconfigure\2.0.6.RELEASE\spring-boot-autoconfigure-2.0.6.RELEASE.jar;F:\Devlnstal\My_maven\maven_repository\org\mockito\mockito-all\1.9.5\mockito-all-1.9.5.jar;F:\Devlnstal\My_maven\maven_repository\org\springframework\spring-context\5.0.10.RELEASE\spring-context-5.0.10.RELEASE.jar;F:\Devlnstal\My_maven\maven_repository\net\coobird\thumbnailator\0.4.8\thumbnailator-0.4.8.jar;, java.specification.name=Java Platform API Specification, java.class.version=52.0, sun.management.compiler=HotSpot 64-Bit Tiered Compilers, maven.repo.local=F:\Devlnstal\My_maven\maven_repository, os.version=10.0, user.home=C:\Users\江大侠, user.timezone=Asia/Shanghai, java.awt.printerjob=sun.awt.windows.WPrinterJob, file.encoding=GBK, java.specification.version=1.8, java.class.path=E:\IdeaProjects\code\leyou\leyou-upload\target\test-classes;E:\IdeaProjects\code\leyou\leyou-upload\target\classes;F:\Devlnstal\My_maven\maven_repository\org\springframework\cloud\spring-cloud-starter-netflix-eureka-client\2.0.2.RELEASE\spring-cloud-starter-netflix-eureka-client-2.0.2.RELEASE.jar;F:\Devlnstal\My_maven\maven_repository\org\springframework\cloud\spring-cloud-starter\2.0.2.RELEASE\spring-cloud-starter-2.0.2.RELEASE.jar;F:\Devlnstal\My_maven\maven_repository\org\springframework\cloud\spring-cloud-context\2.0.2.RELEASE\spring-cloud-context-2.0.2.RELEASE.jar;F:\Devlnstal\My_maven\maven_repository\org\springframework\security\spring-security-crypto\5.0.9.RELEASE\spring-security-crypto-5.0.9.RELEASE.jar;F:\Devlnstal\My_maven\maven_repository\org\springframework\cloud\spring-cloud-commons\2.0.2.RELEASE\spring-cloud-commons-2.0.2.RELEASE.jar;F:\Devlnstal\My_maven\maven_repository\org\springframework\security\spring-security-rsa\1.0.7.RELEASE\spring-security-rsa-1.0.7.RELEASE.jar;F:\Devlnstal\My_maven\maven_repository\org\bouncycastle\bcpkix-jdk15on\1.60\bcpkix-jdk15on-1.60.jar;F:\Devlnstal\My_maven\maven_repository\org\bouncycastle\bcprov-jdk15on\1.60\bcprov-jdk15on-1.60.jar;F:\Devlnstal\My_maven\maven_repository\org\springframework\cloud\spring-cloud-netflix-core\2.0.2.RELEASE\spring-cloud-netflix-core-2.0.2.RELEASE.jar;F:\Devlnstal\My_maven\maven_repository\org\springframework\boot\spring-boot-starter-aop\2.0.6.RELEASE\spring-boot-starter-aop-2.0.6.RELEASE.jar;F:\Devlnstal\My_maven\maven_repository\org\aspectj\aspectjweaver\1.8.13\aspectjweaver-1.8.13.jar;F:\Devlnstal\My_maven\maven_repository\org\springframework\cloud\spring-cloud-netflix-eureka-client\2.0.2.RELEASE\spring-cloud-netflix-eureka-client-2.0.2.RELEASE.jar;F:\Devlnstal\My_maven\maven_repository\com\netflix\eureka\eureka-client\1.9.3\eureka-client-1.9.3.jar;F:\Devlnstal\My_maven\maven_repository\org\codehaus\jettison\jettison\1.3.7\jettison-1.3.7.jar;F:\Devlnstal\My_maven\maven_repository\stax\stax-api\1.0.1\stax-api-1.0.1.jar;F:\Devlnstal\My_maven\maven_repository\com\netflix\netflix-commons\netflix-eventbus\0.3.0\netflix-eventbus-0.3.0.jar;F:\Devlnstal\My_maven\maven_repository\com\netflix\netflix-commons\netflix-infix\0.3.0\netflix-infix-0.3.0.jar;F:\Devlnstal\My_maven\maven_repository\commons-jxpath\commons-jxpath\1.3\commons-jxpath-1.3.jar;F:\Devlnstal\My_maven\maven_repository\joda-time\joda-time\2.9.9\joda-time-2.9.9.jar;F:\Devlnstal\My_maven\maven_repository\org\antlr\antlr-runtime\3.4\antlr-runtime-3.4.jar;F:\Devlnstal\My_maven\maven_repository\org\antlr\stringtemplate\3.2.1\stringtemplate-3.2.1.jar;F:\Devlnstal\My_maven\maven_repository\antlr\antlr\2.7.7\antlr-2.7.7.jar;F:\Devlnstal\My_maven\maven_repository\com\google\code\gson\gson\2.8.5\gson-2.8.5.jar;F:\Devlnstal\My_maven\maven_repository\org\apache\commons\commons-math\2.2\commons-math-2.2.jar;F:\Devlnstal\My_maven\maven_repository\com\netflix\archaius\archaius-core\0.7.6\archaius-core-0.7.6.jar;F:\Devlnstal\My_maven\maven_repository\com\google\guava\guava\16.0\guava-16.0.jar;F:\Devlnstal\My_maven\maven_repository\javax\ws\rs\jsr311-api\1.1.1\jsr311-api-1.1.1.jar;F:\Devlnstal\My_maven\maven_repository\com\netflix\servo\servo-core\0.12.21\servo-core-0.12.21.jar;F:\Devlnstal\My_maven\maven_repository\com\sun\jersey\jersey-core\1.19.1\jersey-core-1.19.1.jar;F:\Devlnstal\My_maven\maven_repository\com\sun\jersey\jersey-client\1.19.1\jersey-client-1.19.1.jar;F:\Devlnstal\My_maven\maven_repository\com\sun\jersey\contribs\jersey-apache-client4\1.19.1\jersey-apache-client4-1.19.1.jar;F:\Devlnstal\My_maven\maven_repository\org\apache\httpcomponents\httpclient\4.5.6\httpclient-4.5.6.jar;F:\Devlnstal\My_maven\maven_repository\org\apache\httpcomponents\httpcore\4.4.10\httpcore-4.4.10.jar;F:\Devlnstal\My_maven\maven_repository\commons-codec\commons-codec\1.11\commons-codec-1.11.jar;F:\Devlnstal\My_maven\maven_repository\com\google\inject\guice\4.1.0\guice-4.1.0.jar;F:\Devlnstal\My_maven\maven_repository\javax\inject\javax.inject\1\javax.inject-1.jar;F:\Devlnstal\My_maven\maven_repository\aopalliance\aopalliance\1.0\aopalliance-1.0.jar;F:\Devlnstal\My_maven\maven_repository\com\github\vlsi\compactmap\compactmap\1.2.1\compactmap-1.2.1.jar;F:\Devlnstal\My_maven\maven_repository\com\github\andrewoma\dexx\dexx-collections\0.2\dexx-collections-0.2.jar;F:\Devlnstal\My_maven\maven_repository\com\fasterxml\jackson\core\jackson-annotations\2.9.0\jackson-annotations-2.9.0.jar;F:\Devlnstal\My_maven\maven_repository\com\fasterxml\jackson\core\jackson-core\2.9.7\jackson-core-2.9.7.jar;F:\Devlnstal\My_maven\maven_repository\com\fasterxml\jackson\core\jackson-databind\2.9.7\jackson-databind-2.9.7.jar;F:\Devlnstal\My_maven\maven_repository\com\netflix\eureka\eureka-core\1.9.3\eureka-core-1.9.3.jar;F:\Devlnstal\My_maven\maven_repository\org\codehaus\woodstox\woodstox-core-asl\4.4.1\woodstox-core-asl-4.4.1.jar;F:\Devlnstal\My_maven\maven_repository\javax\xml\stream\stax-api\1.0-2\stax-api-1.0-2.jar;F:\Devlnstal\My_maven\maven_repository\org\codehaus\woodstox\stax2-api\3.1.4\stax2-api-3.1.4.jar;F:\Devlnstal\My_maven\maven_repository\org\springframework\cloud\spring-cloud-starter-netflix-archaius\2.0.2.RELEASE\spring-cloud-starter-netflix-archaius-2.0.2.RELEASE.jar;F:\Devlnstal\My_maven\maven_repository\org\springframework\cloud\spring-cloud-netflix-ribbon\2.0.2.RELEASE\spring-cloud-netflix-ribbon-2.0.2.RELEASE.jar;F:\Devlnstal\My_maven\maven_repository\org\springframework\cloud\spring-cloud-netflix-archaius\2.0.2.RELEASE\spring-cloud-netflix-archaius-2.0.2.RELEASE.jar;F:\Devlnstal\My_maven\maven_repository\commons-configuration\commons-configuration\1.8\commons-configuration-1.8.jar;F:\Devlnstal\My_maven\maven_repository\commons-lang\commons-lang\2.6\commons-lang-2.6.jar;F:\Devlnstal\My_maven\maven_repository\org\springframework\cloud\spring-cloud-starter-netflix-ribbon\2.0.2.RELEASE\spring-cloud-starter-netflix-ribbon-2.0.2.RELEASE.jar;F:\Devlnstal\My_maven\maven_repository\com\netflix\ribbon\ribbon\2.2.5\ribbon-2.2.5.jar;F:\Devlnstal\My_maven\maven_repository\com\netflix\ribbon\ribbon-transport\2.2.5\ribbon-transport-2.2.5.jar;F:\Devlnstal\My_maven\maven_repository\io\reactivex\rxnetty-contexts\0.4.9\rxnetty-contexts-0.4.9.jar;F:\Devlnstal\My_maven\maven_repository\io\reactivex\rxnetty-servo\0.4.9\rxnetty-servo-0.4.9.jar;F:\Devlnstal\My_maven\maven_repository\com\netflix\hystrix\hystrix-core\1.5.12\hystrix-core-1.5.12.jar;F:\Devlnstal\My_maven\maven_repository\org\hdrhistogram\HdrHistogram\2.1.9\HdrHistogram-2.1.9.jar;F:\Devlnstal\My_maven\maven_repository\io\reactivex\rxnetty\0.4.9\rxnetty-0.4.9.jar;F:\Devlnstal\My_maven\maven_repository\com\netflix\ribbon\ribbon-core\2.2.5\ribbon-core-2.2.5.jar;F:\Devlnstal\My_maven\maven_repository\com\netflix\ribbon\ribbon-httpclient\2.2.5\ribbon-httpclient-2.2.5.jar;F:\Devlnstal\My_maven\maven_repository\com\netflix\netflix-commons\netflix-commons-util\0.3.0\netflix-commons-util-0.3.0.jar;F:\Devlnstal\My_maven\maven_repository\com\netflix\ribbon\ribbon-loadbalancer\2.2.5\ribbon-loadbalancer-2.2.5.jar;F:\Devlnstal\My_maven\maven_repository\com\netflix\netflix-commons\netflix-statistics\0.1.1\netflix-statistics-0.1.1.jar;F:\Devlnstal\My_maven\maven_repository\io\reactivex\rxjava\1.3.8\rxjava-1.3.8.jar;F:\Devlnstal\My_maven\maven_repository\com\netflix\ribbon\ribbon-eureka\2.2.5\ribbon-eureka-2.2.5.jar;F:\Devlnstal\My_maven\maven_repository\com\thoughtworks\xstream\xstream\1.4.10\xstream-1.4.10.jar;F:\Devlnstal\My_maven\maven_repository\xmlpull\xmlpull\1.1.3.1\xmlpull-1.1.3.1.jar;F:\Devlnstal\My_maven\maven_repository\xpp3\xpp3_min\1.1.4c\xpp3_min-1.1.4c.jar;F:\Devlnstal\My_maven\maven_repository\org\springframework\boot\spring-boot-starter-web\2.0.6.RELEASE\spring-boot-starter-web-2.0.6.RELEASE.jar;F:\Devlnstal\My_maven\maven_repository\org\springframework\boot\spring-boot-starter\2.0.6.RELEASE\spring-boot-starter-2.0.6.RELEASE.jar;F:\Devlnstal\My_maven\maven_repository\org\springframework\boot\spring-boot\2.0.6.RELEASE\spring-boot-2.0.6.RELEASE.jar;F:\Devlnstal\My_maven\maven_repository\org\springframework\boot\spring-boot-starter-logging\2.0.6.RELEASE\spring-boot-starter-logging-2.0.6.RELEASE.jar;F:\Devlnstal\My_maven\maven_repository\org\apache\logging\log4j\log4j-to-slf4j\2.10.0\log4j-to-slf4j-2.10.0.jar;F:\Devlnstal\My_maven\maven_repository\org\apache\logging\log4j\log4j-api\2.10.0\log4j-api-2.10.0.jar;F:\Devlnstal\My_maven\maven_repository\org\slf4j\jul-to-slf4j\1.7.25\jul-to-slf4j-1.7.25.jar;F:\Devlnstal\My_maven\maven_repository\javax\annotation\javax.annotation-api\1.3.2\javax.annotation-api-1.3.2.jar;F:\Devlnstal\My_maven\maven_repository\org\yaml\snakeyaml\1.19\snakeyaml-1.19.jar;F:\Devlnstal\My_maven\maven_repository\org\springframework\boot\spring-boot-starter-json\2.0.6.RELEASE\spring-boot-starter-json-2.0.6.RELEASE.jar;F:\Devlnstal\My_maven\maven_repository\com\fasterxml\jackson\datatype\jackson-datatype-jdk8\2.9.7\jackson-datatype-jdk8-2.9.7.jar;F:\Devlnstal\My_maven\maven_repository\com\fasterxml\jackson\datatype\jackson-datatype-jsr310\2.9.7\jackson-datatype-jsr310-2.9.7.jar;F:\Devlnstal\My_maven\maven_repository\com\fasterxml\jackson\module\jackson-module-parameter-names\2.9.7\jackson-module-parameter-names-2.9.7.jar;F:\Devlnstal\My_maven\maven_repository\org\springframework\boot\spring-boot-starter-tomcat\2.0.6.RELEASE\spring-boot-starter-tomcat-2.0.6.RELEASE.jar;F:\Devlnstal\My_maven\maven_repository\org\apache\tomcat\embed\tomcat-embed-core\8.5.34\tomcat-embed-core-8.5.34.jar;F:\Devlnstal\My_maven\maven_repository\org\apache\tomcat\embed\tomcat-embed-el\8.5.34\tomcat-embed-el-8.5.34.jar;F:\Devlnstal\My_maven\maven_repository\org\apache\tomcat\embed\tomcat-embed-websocket\8.5.34\tomcat-embed-websocket-8.5.34.jar;F:\Devlnstal\My_maven\maven_repository\org\hibernate\validator\hibernate-validator\6.0.13.Final\hibernate-validator-6.0.13.Final.jar;F:\Devlnstal\My_maven\maven_repository\javax\validation\validation-api\2.0.1.Final\validation-api-2.0.1.Final.jar;F:\Devlnstal\My_maven\maven_repository\org\jboss\logging\jboss-logging\3.3.2.Final\jboss-logging-3.3.2.Final.jar;F:\Devlnstal\My_maven\maven_repository\com\fasterxml\classmate\1.3.4\classmate-1.3.4.jar;F:\Devlnstal\My_maven\maven_repository\org\springframework\spring-web\5.0.10.RELEASE\spring-web-5.0.10.RELEASE.jar;F:\Devlnstal\My_maven\maven_repository\org\springframework\spring-beans\5.0.10.RELEASE\spring-beans-5.0.10.RELEASE.jar;F:\Devlnstal\My_maven\maven_repository\org\springframework\spring-webmvc\5.0.10.RELEASE\spring-webmvc-5.0.10.RELEASE.jar;F:\Devlnstal\My_maven\maven_repository\org\springframework\spring-aop\5.0.10.RELEASE\spring-aop-5.0.10.RELEASE.jar;F:\Devlnstal\My_maven\maven_repository\org\springframework\spring-expression\5.0.10.RELEASE\spring-expression-5.0.10.RELEASE.jar;F:\Devlnstal\My_maven\maven_repository\org\springframework\boot\spring-boot-starter-test\2.0.6.RELEASE\spring-boot-starter-test-2.0.6.RELEASE.jar;F:\Devlnstal\My_maven\maven_repository\org\springframework\boot\spring-boot-test\2.0.6.RELEASE\spring-boot-test-2.0.6.RELEASE.jar;F:\Devlnstal\My_maven\maven_repository\org\springframework\boot\spring-boot-test-autoconfigure\2.0.6.RELEASE\spring-boot-test-autoconfigure-2.0.6.RELEASE.jar;F:\Devlnstal\My_maven\maven_repository\com\jayway\jsonpath\json-path\2.4.0\json-path-2.4.0.jar;F:\Devlnstal\My_maven\maven_repository\net\minidev\json-smart\2.3\json-smart-2.3.jar;F:\Devlnstal\My_maven\maven_repository\net\minidev\accessors-smart\1.2\accessors-smart-1.2.jar;F:\Devlnstal\My_maven\maven_repository\org\ow2\asm\asm\5.0.4\asm-5.0.4.jar;F:\Devlnstal\My_maven\maven_repository\junit\junit\4.12\junit-4.12.jar;F:\Devlnstal\My_maven\maven_repository\org\assertj\assertj-core\3.9.1\assertj-core-3.9.1.jar;F:\Devlnstal\My_maven\maven_repository\org\mockito\mockito-core\2.15.0\mockito-core-2.15.0.jar;F:\Devlnstal\My_maven\maven_repository\net\bytebuddy\byte-buddy\1.7.11\byte-buddy-1.7.11.jar;F:\Devlnstal\My_maven\maven_repository\net\bytebuddy\byte-buddy-agent\1.7.11\byte-buddy-agent-1.7.11.jar;F:\Devlnstal\My_maven\maven_repository\org\objenesis\objenesis\2.6\objenesis-2.6.jar;F:\Devlnstal\My_maven\maven_repository\org\hamcrest\hamcrest-core\1.3\hamcrest-core-1.3.jar;F:\Devlnstal\My_maven\maven_repository\org\hamcrest\hamcrest-library\1.3\hamcrest-library-1.3.jar;F:\Devlnstal\My_maven\maven_repository\org\skyscreamer\jsonassert\1.5.0\jsonassert-1.5.0.jar;F:\Devlnstal\My_maven\maven_repository\com\vaadin\external\google\android-json\0.0.20131108.vaadin1\android-json-0.0.20131108.vaadin1.jar;F:\Devlnstal\My_maven\maven_repository\org\springframework\spring-core\5.0.10.RELEASE\spring-core-5.0.10.RELEASE.jar;F:\Devlnstal\My_maven\maven_repository\org\springframework\spring-jcl\5.0.10.RELEASE\spring-jcl-5.0.10.RELEASE.jar;F:\Devlnstal\My_maven\maven_repository\org\springframework\spring-test\5.0.10.RELEASE\spring-test-5.0.10.RELEASE.jar;F:\Devlnstal\My_maven\maven_repository\org\xmlunit\xmlunit-core\2.5.1\xmlunit-core-2.5.1.jar;F:\Devlnstal\My_maven\maven_repository\com\github\tobato\fastdfs-client\1.26.1-RELEASE\fastdfs-client-1.26.1-RELEASE.jar;F:\Devlnstal\My_maven\maven_repository\org\slf4j\slf4j-api\1.7.25\slf4j-api-1.7.25.jar;F:\Devlnstal\My_maven\maven_repository\org\slf4j\jcl-over-slf4j\1.7.25\jcl-over-slf4j-1.7.25.jar;F:\Devlnstal\My_maven\maven_repository\ch\qos\logback\logback-classic\1.2.3\logback-classic-1.2.3.jar;F:\Devlnstal\My_maven\maven_repository\ch\qos\logback\logback-core\1.2.3\logback-core-1.2.3.jar;F:\Devlnstal\My_maven\maven_repository\org\apache\commons\commons-lang3\3.7\commons-lang3-3.7.jar;F:\Devlnstal\My_maven\maven_repository\commons-beanutils\commons-beanutils\1.9.1\commons-beanutils-1.9.1.jar;F:\Devlnstal\My_maven\maven_repository\commons-collections\commons-collections\3.2.1\commons-collections-3.2.1.jar;F:\Devlnstal\My_maven\maven_repository\commons-io\commons-io\2.4\commons-io-2.4.jar;F:\Devlnstal\My_maven\maven_repository\org\apache\commons\commons-pool2\2.5.0\commons-pool2-2.5.0.jar;F:\Devlnstal\My_maven\maven_repository\org\springframework\boot\spring-boot-autoconfigure\2.0.6.RELEASE\spring-boot-autoconfigure-2.0.6.RELEASE.jar;F:\Devlnstal\My_maven\maven_repository\org\mockito\mockito-all\1.9.5\mockito-all-1.9.5.jar;F:\Devlnstal\My_maven\maven_repository\org\springframework\spring-context\5.0.10.RELEASE\spring-context-5.0.10.RELEASE.jar;F:\Devlnstal\My_maven\maven_repository\net\coobird\thumbnailator\0.4.8\thumbnailator-0.4.8.jar;, user.name=江大侠, java.vm.specification.version=1.8, sun.java.command=C:\Users\江大侠\AppData\Local\Temp\surefire1394317809021543824\surefirebooter8624210546124410522.jar C:\Users\江大侠\AppData\Local\Temp\surefire1394317809021543824 2021-04-12T23-42-54_794-jvmRun1 surefire1397972713364907124tmp surefire_03959038980110685701tmp, java.home=C:\Users\江大侠\.jdks\corretto-1.8.0_282\jre, sun.arch.data.model=64, user.language=zh, java.specification.vendor=Oracle Corporation, awt.toolkit=sun.awt.windows.WToolkit, java.vm.info=mixed mode, java.version=1.8.0_282, java.ext.dirs=C:\Users\江大侠\.jdks\corretto-1.8.0_282\jre\lib\ext;C:\Windows\Sun\Java\lib\ext, sun.boot.class.path=C:\Users\江大侠\.jdks\corretto-1.8.0_282\jre\lib\resources.jar;C:\Users\江大侠\.jdks\corretto-1.8.0_282\jre\lib\rt.jar;C:\Users\江大侠\.jdks\corretto-1.8.0_282\jre\lib\sunrsasign.jar;C:\Users\江大侠\.jdks\corretto-1.8.0_282\jre\lib\jsse.jar;C:\Users\江大侠\.jdks\corretto-1.8.0_282\jre\lib\jce.jar;C:\Users\江大侠\.jdks\corretto-1.8.0_282\jre\lib\charsets.jar;C:\Users\江大侠\.jdks\corretto-1.8.0_282\jre\lib\jfr.jar;C:\Users\江大侠\.jdks\corretto-1.8.0_282\jre\classes, java.vendor=Amazon.com Inc., localRepository=F:\Devlnstal\My_maven\maven_repository, file.separator=\, java.vendor.url.bug=https://github.com/corretto/corretto-8/issues/, sun.io.unicode.encoding=UnicodeLittle, sun.cpu.endian=little, sun.desktop=windows, sun.cpu.isalist=amd64}}, SystemEnvironmentPropertySource@865667596 {name='systemEnvironment', properties={PATH=F:\Devlnstal\VMware\Xshell安装\;F:\Devlnstal\VMware\WMware Workstation\bin\;C:\ProgramData\Oracle\Java\javapath;C:\Windows\system32;C:\Windows;C:\Windows\System32\Wbem;C:\Windows\System32\WindowsPowerShell\v1.0\;C:\Windows\System32\OpenSSH\;C:\Program Files (x86)\NVIDIA Corporation\PhysX\Common;C:\Program Files\NVIDIA Corporation\NVIDIA NvDLISR;"F:\Devlnstal\JDK\bin;F:\Devlnstal\JDK\jre\bin;";F:\Devlnstal\My_maven\apache-maven-3.5.2\bin;F:\Devlnstal\My_mysql\MySQL\mysql-8.0.17-winx64\bin;F:\Devlnstal\nodejs\;F:\Devlnstal\Git\Git\cmd;C:\Users\江大侠\AppData\Local\Microsoft\WindowsApps;;F:\Devlnstal\IntelliJ IDEA 2020.3.2\bin;;C:\Users\江大侠\AppData\Roaming\npm, USERDOMAIN_ROAMINGPROFILE=LAPTOP-F1UOFC3S, LOCALAPPDATA=C:\Users\江大侠\AppData\Local, PROCESSOR_LEVEL=6, SYSTEMDRIVE=C:, COMMONPROGRAMFILES(X86)=C:\Program Files (x86)\Common Files, USERDOMAIN=LAPTOP-F1UOFC3S, LOGONSERVER=\\LAPTOP-F1UOFC3S, JAVA_HOME=F:\Devlnstal\JDK, PROMPT=$P$G, SESSIONNAME=Console, ALLUSERSPROFILE=C:\ProgramData, PROGRAMFILES(X86)=C:\Program Files (x86), PROCESSOR_ARCHITECTURE=AMD64, DRIVERDATA=C:\Windows\System32\Drivers\DriverData, INTELLIJ IDEA=F:\Devlnstal\IntelliJ IDEA 2020.3.2\bin;, =E:=E:\IdeaProjects\code\leyou\leyou-upload, MAVEN_HOME=F:\Devlnstal\My_maven\apache-maven-3.5.2, PROGRAMFILES=C:\Program Files, APPDATA=C:\Users\江大侠\AppData\Roaming, PSMODULEPATH=C:\Program Files\WindowsPowerShell\Modules;C:\Windows\system32\WindowsPowerShell\v1.0\Modules, PROGRAMW6432=C:\Program Files, PROGRAMDATA=C:\ProgramData, SYSTEMROOT=C:\Windows, USERNAME=江大侠, ONEDRIVE=C:\Users\江大侠\OneDrive, PATHEXT=.COM;.EXE;.BAT;.CMD;.VBS;.VBE;.JS;.JSE;.WSF;.WSH;.MSC, OS=Windows_NT, COMMONPROGRAMW6432=C:\Program Files\Common Files, COMPUTERNAME=LAPTOP-F1UOFC3S, COMMONPROGRAMFILES=C:\Program Files\Common Files, COMSPEC=C:\Windows\system32\cmd.exe, PROCESSOR_REVISION=8c01, CLASSPATH=F:\Devlnstal\JDK\lib;F:\Devlnstal\JDK\lib\tools.jar;, WINDIR=C:\Windows, HOMEPATH=\Users\江大侠, TEMP=C:\Users\江大侠\AppData\Local\Temp, HOMEDRIVE=C:, PROCESSOR_IDENTIFIER=Intel64 Family 6 Model 140 Stepping 1, GenuineIntel, USERPROFILE=C:\Users\江大侠, TMP=C:\Users\江大侠\AppData\Local\Temp, PUBLIC=C:\Users\Public, NUMBER_OF_PROCESSORS=8, =::=::\, IDEA_INITIAL_DIRECTORY=C:\Users\江大侠\Desktop, ZES_ENABLE_SYSMAN=1}}]
23:42:57.380 [main] DEBUG org.springframework.test.context.support.TestPropertySourceUtils - Adding inlined properties to environment: {spring.jmx.enabled=false, org.springframework.boot.test.context.SpringBootTestContextBootstrapper=true, server.port=-1}
23:42:57.380 [main] DEBUG org.springframework.core.env.StandardEnvironment - Adding PropertySource 'Inlined Test Properties' with highest search precedence
2021-04-12 23:42:57.848  INFO 7616 --- [           main] s.c.a.AnnotationConfigApplicationContext : Refreshing org.springframework.context.annotation.AnnotationConfigApplicationContext@19976a65: startup date [Mon Apr 12 23:42:57 CST 2021]; root of context hierarchy
2021-04-12 23:42:57.980  INFO 7616 --- [           main] f.a.AutowiredAnnotationBeanPostProcessor : JSR-330 'javax.inject.Inject' annotation found and supported for autowiring
2021-04-12 23:42:58.015  INFO 7616 --- [           main] trationDelegate$BeanPostProcessorChecker : Bean 'configurationPropertiesRebinderAutoConfiguration' of type [org.springframework.cloud.autoconfigure.ConfigurationPropertiesRebinderAutoConfiguration$$EnhancerBySpringCGLIB$$ea8e2dbd] is not eligible for getting processed by all BeanPostProcessors (for example: not eligible for auto-proxying)

  .   ____          _            __ _ _
 /\\ / ___'_ __ _ _(_)_ __  __ _ \ \ \ \
( ( )\___ | '_ | '_| | '_ \/ _` | \ \ \ \
 \\/  ___)| |_)| | | | | || (_| |  ) ) ) )
  '  |____| .__|_| |_|_| |_\__, | / / / /
 =========|_|==============|___/=/_/_/_/
 :: Spring Boot ::        (v2.0.6.RELEASE)

2021-04-12 23:42:58.374  INFO 7616 --- [           main] com.leyou.upload.test.FastDFSTest        : No active profile set, falling back to default profiles: default
2021-04-12 23:42:58.386  INFO 7616 --- [           main] o.s.w.c.s.GenericWebApplicationContext   : Refreshing org.springframework.web.context.support.GenericWebApplicationContext@4bff1903: startup date [Mon Apr 12 23:42:58 CST 2021]; parent: org.springframework.context.annotation.AnnotationConfigApplicationContext@19976a65
2021-04-12 23:42:58.862  INFO 7616 --- [           main] o.s.cloud.context.scope.GenericScope     : BeanFactory id=9893efac-a4f4-31c4-b2a8-120fcc611214
2021-04-12 23:42:58.894  INFO 7616 --- [           main] f.a.AutowiredAnnotationBeanPostProcessor : JSR-330 'javax.inject.Inject' annotation found and supported for autowiring
2021-04-12 23:42:58.931  INFO 7616 --- [           main] trationDelegate$BeanPostProcessorChecker : Bean 'org.springframework.cloud.autoconfigure.ConfigurationPropertiesRebinderAutoConfiguration' of type [org.springframework.cloud.autoconfigure.ConfigurationPropertiesRebinderAutoConfiguration$$EnhancerBySpringCGLIB$$ea8e2dbd] is not eligible for getting processed by all BeanPostProcessors (for example: not eligible for auto-proxying)
2021-04-12 23:42:59.240  WARN 7616 --- [           main] c.n.c.sources.URLConfigurationSource     : No URLs will be polled as dynamic configuration sources.
2021-04-12 23:42:59.240  INFO 7616 --- [           main] c.n.c.sources.URLConfigurationSource     : To enable URLs as dynamic configuration sources, define System property archaius.configurationSource.additionalUrls or make config.properties available on classpath.
2021-04-12 23:42:59.244  WARN 7616 --- [           main] c.n.c.sources.URLConfigurationSource     : No URLs will be polled as dynamic configuration sources.
2021-04-12 23:42:59.244  INFO 7616 --- [           main] c.n.c.sources.URLConfigurationSource     : To enable URLs as dynamic configuration sources, define System property archaius.configurationSource.additionalUrls or make config.properties available on classpath.
2021-04-12 23:42:59.301  INFO 7616 --- [           main] o.s.w.s.handler.SimpleUrlHandlerMapping  : Mapped URL path [/**/favicon.ico] onto handler of type [class org.springframework.web.servlet.resource.ResourceHttpRequestHandler]
2021-04-12 23:42:59.444  INFO 7616 --- [           main] s.w.s.m.m.a.RequestMappingHandlerAdapter : Looking for @ControllerAdvice: org.springframework.web.context.support.GenericWebApplicationContext@4bff1903: startup date [Mon Apr 12 23:42:58 CST 2021]; parent: org.springframework.context.annotation.AnnotationConfigApplicationContext@19976a65
2021-04-12 23:42:59.497  INFO 7616 --- [           main] s.w.s.m.m.a.RequestMappingHandlerMapping : Mapped "{[/upload/image],methods=[POST]}" onto public org.springframework.http.ResponseEntity<java.lang.String> com.leyou.upload.controller.UploadController.uploadImage(org.springframework.web.multipart.MultipartFile)
2021-04-12 23:42:59.497  INFO 7616 --- [           main] s.w.s.m.m.a.RequestMappingHandlerMapping : Mapped "{[/error]}" onto public org.springframework.http.ResponseEntity<java.util.Map<java.lang.String, java.lang.Object>> org.springframework.boot.autoconfigure.web.servlet.error.BasicErrorController.error(javax.servlet.http.HttpServletRequest)
2021-04-12 23:42:59.497  INFO 7616 --- [           main] s.w.s.m.m.a.RequestMappingHandlerMapping : Mapped "{[/error],produces=[text/html]}" onto public org.springframework.web.servlet.ModelAndView org.springframework.boot.autoconfigure.web.servlet.error.BasicErrorController.errorHtml(javax.servlet.http.HttpServletRequest,javax.servlet.http.HttpServletResponse)
2021-04-12 23:42:59.529  INFO 7616 --- [           main] o.s.w.s.handler.SimpleUrlHandlerMapping  : Mapped URL path [/webjars/**] onto handler of type [class org.springframework.web.servlet.resource.ResourceHttpRequestHandler]
2021-04-12 23:42:59.529  INFO 7616 --- [           main] o.s.w.s.handler.SimpleUrlHandlerMapping  : Mapped URL path [/**] onto handler of type [class org.springframework.web.servlet.resource.ResourceHttpRequestHandler]
2021-04-12 23:43:00.290  INFO 7616 --- [           main] o.s.j.e.a.AnnotationMBeanExporter        : Registering beans for JMX exposure on startup
2021-04-12 23:43:00.290  INFO 7616 --- [           main] o.s.j.e.a.AnnotationMBeanExporter        : Bean with name 'fdfsConnectionPool' has been autodetected for JMX exposure
2021-04-12 23:43:00.299  INFO 7616 --- [           main] o.s.j.e.a.AnnotationMBeanExporter        : Bean with name 'refreshScope' has been autodetected for JMX exposure
2021-04-12 23:43:00.299  INFO 7616 --- [           main] o.s.j.e.a.AnnotationMBeanExporter        : Bean with name 'configurationPropertiesRebinder' has been autodetected for JMX exposure
2021-04-12 23:43:00.302  INFO 7616 --- [           main] o.s.j.e.a.AnnotationMBeanExporter        : Bean with name 'environmentManager' has been autodetected for JMX exposure
2021-04-12 23:43:00.304  INFO 7616 --- [           main] o.s.j.e.a.AnnotationMBeanExporter        : Located managed bean 'environmentManager': registering with JMX server as MBean [org.springframework.cloud.context.environment:name=environmentManager,type=EnvironmentManager]
2021-04-12 23:43:00.312  INFO 7616 --- [           main] o.s.j.e.a.AnnotationMBeanExporter        : Located MBean 'fdfsConnectionPool': registering with JMX server as MBean [com.github.tobato.fastdfs.conn:name=fdfsConnectionPool,type=FdfsConnectionPool]
2021-04-12 23:43:00.312  INFO 7616 --- [           main] o.s.j.e.a.AnnotationMBeanExporter        : Located managed bean 'refreshScope': registering with JMX server as MBean [org.springframework.cloud.context.scope.refresh:name=refreshScope,type=RefreshScope]
2021-04-12 23:43:00.320  INFO 7616 --- [           main] o.s.j.e.a.AnnotationMBeanExporter        : Located managed bean 'configurationPropertiesRebinder': registering with JMX server as MBean [org.springframework.cloud.context.properties:name=configurationPropertiesRebinder,type=ConfigurationPropertiesRebinder]
2021-04-12 23:43:00.330  INFO 7616 --- [           main] o.s.c.support.DefaultLifecycleProcessor  : Starting beans in phase 0
2021-04-12 23:43:00.341  INFO 7616 --- [           main] com.leyou.upload.test.FastDFSTest        : Started FastDFSTest in 2.961 seconds (JVM running for 3.56)
]]></system-out>
  </testcase>
  <testcase name="testUpload" classname="com.leyou.upload.test.FastDFSTest" time="0.016">
    <error message="Unable to borrow buffer from pool" type="java.lang.RuntimeException">java.lang.RuntimeException: Unable to borrow buffer from pool
	at com.leyou.upload.test.FastDFSTest.testUpload(FastDFSTest.java:31)
Caused by: com.github.tobato.fastdfs.exception.FdfsUnavailableException: 无法获取服务端连接资源：找不到可用的tracker /192.168.152.128:22122,
	at com.leyou.upload.test.FastDFSTest.testUpload(FastDFSTest.java:31)
</error>
    <system-out><![CDATA[2021-04-12 23:43:01.058 ERROR 7616 --- [           main] c.g.t.fastdfs.conn.ConnectionManager     : Unable to borrow buffer from pool

com.github.tobato.fastdfs.exception.FdfsUnavailableException: 无法获取服务端连接资源：找不到可用的tracker /192.168.152.128:22122,
	at com.github.tobato.fastdfs.domain.TrackerLocator.getTrackerAddress(TrackerLocator.java:103) ~[fastdfs-client-1.26.1-RELEASE.jar:1.26.1-RELEASE]
	at com.github.tobato.fastdfs.conn.TrackerConnectionManager.executeFdfsTrackerCmd(TrackerConnectionManager.java:61) ~[fastdfs-client-1.26.1-RELEASE.jar:1.26.1-RELEASE]
	at com.github.tobato.fastdfs.service.DefaultTrackerClient.getStoreStorage(DefaultTrackerClient.java:39) [fastdfs-client-1.26.1-RELEASE.jar:1.26.1-RELEASE]
	at com.github.tobato.fastdfs.service.DefaultFastFileStorageClient.uploadFile(DefaultFastFileStorageClient.java:53) [fastdfs-client-1.26.1-RELEASE.jar:1.26.1-RELEASE]
	at com.leyou.upload.test.FastDFSTest.testUpload(FastDFSTest.java:31) [test-classes/:na]
	at sun.reflect.NativeMethodAccessorImpl.invoke0(Native Method) ~[na:na]
	at sun.reflect.NativeMethodAccessorImpl.invoke(NativeMethodAccessorImpl.java:62) ~[na:na]
	at sun.reflect.DelegatingMethodAccessorImpl.invoke(DelegatingMethodAccessorImpl.java:43) ~[na:na]
	at java.lang.reflect.Method.invoke(Method.java:498) ~[na:na]
	at org.junit.runners.model.FrameworkMethod$1.runReflectiveCall(FrameworkMethod.java:50) [junit-4.12.jar:4.12]
	at org.junit.internal.runners.model.ReflectiveCallable.run(ReflectiveCallable.java:12) [junit-4.12.jar:4.12]
	at org.junit.runners.model.FrameworkMethod.invokeExplosively(FrameworkMethod.java:47) [junit-4.12.jar:4.12]
	at org.junit.internal.runners.statements.InvokeMethod.evaluate(InvokeMethod.java:17) [junit-4.12.jar:4.12]
	at org.springframework.test.context.junit4.statements.RunBeforeTestExecutionCallbacks.evaluate(RunBeforeTestExecutionCallbacks.java:73) [spring-test-5.0.10.RELEASE.jar:5.0.10.RELEASE]
	at org.springframework.test.context.junit4.statements.RunAfterTestExecutionCallbacks.evaluate(RunAfterTestExecutionCallbacks.java:83) [spring-test-5.0.10.RELEASE.jar:5.0.10.RELEASE]
	at org.springframework.test.context.junit4.statements.RunBeforeTestMethodCallbacks.evaluate(RunBeforeTestMethodCallbacks.java:75) [spring-test-5.0.10.RELEASE.jar:5.0.10.RELEASE]
	at org.springframework.test.context.junit4.statements.RunAfterTestMethodCallbacks.evaluate(RunAfterTestMethodCallbacks.java:86) [spring-test-5.0.10.RELEASE.jar:5.0.10.RELEASE]
	at org.springframework.test.context.junit4.statements.SpringRepeat.evaluate(SpringRepeat.java:84) [spring-test-5.0.10.RELEASE.jar:5.0.10.RELEASE]
	at org.junit.runners.ParentRunner.runLeaf(ParentRunner.java:325) [junit-4.12.jar:4.12]
	at org.springframework.test.context.junit4.SpringJUnit4ClassRunner.runChild(SpringJUnit4ClassRunner.java:251) [spring-test-5.0.10.RELEASE.jar:5.0.10.RELEASE]
	at org.springframework.test.context.junit4.SpringJUnit4ClassRunner.runChild(SpringJUnit4ClassRunner.java:97) [spring-test-5.0.10.RELEASE.jar:5.0.10.RELEASE]
	at org.junit.runners.ParentRunner$3.run(ParentRunner.java:290) [junit-4.12.jar:4.12]
	at org.junit.runners.ParentRunner$1.schedule(ParentRunner.java:71) [junit-4.12.jar:4.12]
	at org.junit.runners.ParentRunner.runChildren(ParentRunner.java:288) [junit-4.12.jar:4.12]
	at org.junit.runners.ParentRunner.access$000(ParentRunner.java:58) [junit-4.12.jar:4.12]
	at org.junit.runners.ParentRunner$2.evaluate(ParentRunner.java:268) [junit-4.12.jar:4.12]
	at org.springframework.test.context.junit4.statements.RunBeforeTestClassCallbacks.evaluate(RunBeforeTestClassCallbacks.java:61) [spring-test-5.0.10.RELEASE.jar:5.0.10.RELEASE]
	at org.springframework.test.context.junit4.statements.RunAfterTestClassCallbacks.evaluate(RunAfterTestClassCallbacks.java:70) [spring-test-5.0.10.RELEASE.jar:5.0.10.RELEASE]
	at org.junit.runners.ParentRunner.run(ParentRunner.java:363) [junit-4.12.jar:4.12]
	at org.springframework.test.context.junit4.SpringJUnit4ClassRunner.run(SpringJUnit4ClassRunner.java:190) [spring-test-5.0.10.RELEASE.jar:5.0.10.RELEASE]
	at org.apache.maven.surefire.junit4.JUnit4Provider.execute(JUnit4Provider.java:365) [surefire-junit4-2.21.0.jar:2.21.0]
	at org.apache.maven.surefire.junit4.JUnit4Provider.executeWithRerun(JUnit4Provider.java:273) [surefire-junit4-2.21.0.jar:2.21.0]
	at org.apache.maven.surefire.junit4.JUnit4Provider.executeTestSet(JUnit4Provider.java:238) [surefire-junit4-2.21.0.jar:2.21.0]
	at org.apache.maven.surefire.junit4.JUnit4Provider.invoke(JUnit4Provider.java:159) [surefire-junit4-2.21.0.jar:2.21.0]
	at org.apache.maven.surefire.booter.ForkedBooter.invokeProviderInSameClassLoader(ForkedBooter.java:379) [surefire-booter-2.21.0.jar:2.21.0]
	at org.apache.maven.surefire.booter.ForkedBooter.runSuitesInProcess(ForkedBooter.java:340) [surefire-booter-2.21.0.jar:2.21.0]
	at org.apache.maven.surefire.booter.ForkedBooter.execute(ForkedBooter.java:125) [surefire-booter-2.21.0.jar:2.21.0]
	at org.apache.maven.surefire.booter.ForkedBooter.main(ForkedBooter.java:413) [surefire-booter-2.21.0.jar:2.21.0]

]]></system-out>
  </testcase>
</testsuite>